==============================================================================
Cohn--Elkies N-scale arcsine certifier v7 (N_G sweep, 4/5/6-scale)
  delta_1 (fixed) = 0.1380   u = 0.6380
  PREC = 256 bits
  XI_MAX (sweep) = 10000    XI_MAX (best) = 100000
==============================================================================

[3-scale reference] delta=(0.138,0.055,0.025), lambda=(0.85,0.10,0.05)
(CVXPY) May 11 09:50:11 PM: Encountered unexpected exception importing solver GLOP:
RuntimeError('Unrecognized new version of ortools (9.15.6755). Expected < 9.15.0. Please open a feature request on cvxpy to enable support for this version.')
(CVXPY) May 11 09:50:11 PM: Encountered unexpected exception importing solver PDLP:
RuntimeError('Unrecognized new version of ortools (9.15.6755). Expected < 9.15.0. Please open a feature request on cvxpy to enable support for this version.')
  N_G= 200  M_cert = 1.29180814  minG=0.9988  S1=29.841  K2hi=4.7967  (11.2s)
  N_G= 500  M_cert = 1.29254420  minG=0.9979  S1=29.500  K2hi=4.7967  (14.7s)

==============================================================================
4-SCALE SWEEP
==============================================================================
  deltas                           lambdas                        N_G     M_cert    minG      S1
  (0.138,0.055,0.025,0.02)         (0.85,0.08,0.04,0.03)          200   1.291384  0.9987  28.100  (9.8s) *
  (0.138,0.055,0.025,0.02)         (0.85,0.08,0.04,0.03)          500   1.292152  0.9979  27.781  (18.1s) *
  (0.138,0.055,0.025,0.02)         (0.85,0.1,0.03,0.02)           200   1.291896  0.9988  29.438  (10.4s)
  (0.138,0.055,0.025,0.02)         (0.85,0.1,0.03,0.02)           500   1.292641  0.9979  29.102  (17.0s) *
  (0.138,0.055,0.025,0.02)         (0.86,0.08,0.04,0.02)          200   1.291703  0.9987  29.565  (11.3s)
  (0.138,0.055,0.025,0.02)         (0.86,0.08,0.04,0.02)          500   1.292448  0.9979  29.225  (17.1s)
  (0.138,0.055,0.025,0.02)         (0.84,0.1,0.04,0.02)           200   1.291725  0.9988  28.126  (10.4s)
  (0.138,0.055,0.025,0.02)         (0.84,0.1,0.04,0.02)           500   1.292492  0.9979  27.808  (17.6s)
  (0.138,0.055,0.025,0.02)         (0.85,0.09,0.04,0.02)          200   1.291746  0.9987  28.820  (10.0s)
  (0.138,0.055,0.025,0.02)         (0.85,0.09,0.04,0.02)          500   1.292503  0.9979  28.492  (17.2s)
  (0.138,0.055,0.025,0.012)        (0.85,0.08,0.04,0.03)          200   1.290766  0.9987  27.064  (11.1s)
  (0.138,0.055,0.025,0.012)        (0.85,0.08,0.04,0.03)          500   1.291567  0.9978  26.752  (17.6s)
  (0.138,0.055,0.025,0.012)        (0.85,0.1,0.03,0.02)           200   1.291848  0.9987  28.596  (11.6s)
  (0.138,0.055,0.025,0.012)        (0.85,0.1,0.03,0.02)           500   1.292623  0.9979  28.263  (18.3s)
  (0.138,0.055,0.025,0.012)        (0.86,0.08,0.04,0.02)          200   1.291616  0.9987  28.722  (12.1s)
  (0.138,0.055,0.025,0.012)        (0.86,0.08,0.04,0.02)          500   1.292391  0.9978  28.387  (18.4s)
  (0.138,0.055,0.025,0.012)        (0.84,0.1,0.04,0.02)           200   1.291582  0.9987  27.375  (9.7s)
  (0.138,0.055,0.025,0.012)        (0.84,0.1,0.04,0.02)           500   1.292374  0.9979  27.061  (19.4s)
  (0.138,0.055,0.025,0.012)        (0.85,0.09,0.04,0.02)          200   1.291630  0.9987  28.026  (10.8s)
  (0.138,0.055,0.025,0.012)        (0.85,0.09,0.04,0.02)          500   1.292414  0.9979  27.702  (15.7s)
  (0.138,0.046,0.025,0.015)        (0.85,0.08,0.04,0.03)          200   1.290529  0.9987  26.581  (8.6s)
  (0.138,0.046,0.025,0.015)        (0.85,0.08,0.04,0.03)          500   1.291318  0.9979  26.283  (19.2s)
  (0.138,0.046,0.025,0.015)        (0.85,0.1,0.03,0.02)           200   1.291426  0.9988  27.651  (12.4s)
  (0.138,0.046,0.025,0.015)        (0.85,0.1,0.03,0.02)           500   1.292197  0.9979  27.341  (18.4s)
  (0.138,0.046,0.025,0.015)        (0.86,0.08,0.04,0.02)          200   1.291303  0.9987  28.019  (12.7s)
  (0.138,0.046,0.025,0.015)        (0.86,0.08,0.04,0.02)          500   1.292071  0.9979  27.701  (22.7s)
  (0.138,0.046,0.025,0.015)        (0.84,0.1,0.04,0.02)           200   1.290955  0.9988  26.546  (13.0s)
  (0.138,0.046,0.025,0.015)        (0.84,0.1,0.04,0.02)           500   1.291740  0.9979  26.252  (19.6s)
  (0.138,0.046,0.025,0.015)        (0.85,0.09,0.04,0.02)          200   1.291169  0.9988  27.255  (12.3s)
  (0.138,0.046,0.025,0.015)        (0.85,0.09,0.04,0.02)          500   1.291947  0.9979  26.949  (20.7s)
  (0.138,0.055,0.03,0.015)         (0.85,0.08,0.04,0.03)          200   1.291676  0.9987  27.918  (11.1s)
  (0.138,0.055,0.03,0.015)         (0.85,0.08,0.04,0.03)          500   1.292451  0.9979  27.601  (22.0s)
  (0.138,0.055,0.03,0.015)         (0.85,0.1,0.03,0.02)           200   1.292102  0.9987  29.352  (14.4s)
  (0.138,0.055,0.03,0.015)         (0.85,0.1,0.03,0.02)           500   1.292851  0.9979  29.016  (26.7s) *
  (0.138,0.055,0.03,0.015)         (0.86,0.08,0.04,0.02)          200   1.292027  0.9987  29.602  (18.5s)
  (0.138,0.055,0.03,0.015)         (0.86,0.08,0.04,0.02)          500   1.292774  0.9979  29.262  (32.1s)
  (0.138,0.055,0.03,0.015)         (0.84,0.1,0.04,0.02)           200   1.292052  0.9988  28.159  (17.4s)
  (0.138,0.055,0.03,0.015)         (0.84,0.1,0.04,0.02)           500   1.292820  0.9979  27.841  (31.0s)
  (0.138,0.055,0.03,0.015)         (0.85,0.09,0.04,0.02)          200   1.292073  0.9987  28.855  (17.5s)
  (0.138,0.055,0.03,0.015)         (0.85,0.09,0.04,0.02)          500   1.292830  0.9979  28.526  (29.0s)
  (0.138,0.046,0.025,0.012)        (0.85,0.08,0.04,0.03)          200   1.290054  0.9987  26.207  (21.5s)
  (0.138,0.046,0.025,0.012)        (0.85,0.08,0.04,0.03)          500   1.290859  0.9979  25.911  (29.2s)
  (0.138,0.046,0.025,0.012)        (0.85,0.1,0.03,0.02)           200   1.291274  0.9987  27.350  (17.5s)
