==============================================================================
v7 finalization (5-scale + 6-scale + best recert)
==============================================================================

Parsed 45 runs from partial log
  best parsed: M=1.29285100  (4sc NG=500 d=(0.138,0.055,0.03,0.015) l=(0.85,0.1,0.03,0.02))

==============================================================================
5-SCALE SWEEP
==============================================================================
(CVXPY) May 11 10:09:00 PM: Encountered unexpected exception importing solver GLOP:
RuntimeError('Unrecognized new version of ortools (9.15.6755). Expected < 9.15.0. Please open a feature request on cvxpy to enable support for this version.')
(CVXPY) May 11 10:09:00 PM: Encountered unexpected exception importing solver PDLP:
RuntimeError('Unrecognized new version of ortools (9.15.6755). Expected < 9.15.0. Please open a feature request on cvxpy to enable support for this version.')
  d=(0.138, 0.055, 0.025, 0.015, 0.008) l=(0.85, 0.07, 0.04, 0.02, 0.02) N_G=200  M=1.289303  minG=0.9987  S1=26.01  (8.4s) *
  d=(0.138, 0.055, 0.025, 0.015, 0.008) l=(0.85, 0.07, 0.04, 0.02, 0.02) N_G=500  M=1.290128  minG=0.9978  S1=25.71  (16.6s) *
  d=(0.138, 0.055, 0.025, 0.015, 0.008) l=(0.84, 0.08, 0.04, 0.02, 0.02) N_G=200  M=1.289193  minG=0.9987  S1=25.47  (9.9s)
  d=(0.138, 0.055, 0.025, 0.015, 0.008) l=(0.84, 0.08, 0.04, 0.02, 0.02) N_G=500  M=1.290025  minG=0.9978  S1=25.17  (14.4s)
  d=(0.138, 0.055, 0.025, 0.015, 0.008) l=(0.86, 0.07, 0.04, 0.02, 0.01) N_G=200  M=1.290959  minG=0.9987  S1=27.70  (7.9s) *
  d=(0.138, 0.055, 0.025, 0.015, 0.008) l=(0.86, 0.07, 0.04, 0.02, 0.01) N_G=500  M=1.291753  minG=0.9978  S1=27.38  (14.1s) *
  d=(0.138, 0.055, 0.025, 0.012, 0.006) l=(0.85, 0.07, 0.04, 0.02, 0.02) N_G=200  M=1.287849  minG=0.9986  S1=25.57  (9.2s)
  d=(0.138, 0.055, 0.025, 0.012, 0.006) l=(0.85, 0.07, 0.04, 0.02, 0.02) N_G=500  M=1.288699  minG=0.9976  S1=25.26  (14.3s)
  d=(0.138, 0.055, 0.025, 0.012, 0.006) l=(0.84, 0.08, 0.04, 0.02, 0.02) N_G=200  M=1.287732  minG=0.9986  S1=25.04  (9.0s)
  d=(0.138, 0.055, 0.025, 0.012, 0.006) l=(0.84, 0.08, 0.04, 0.02, 0.02) N_G=500  M=1.288587  minG=0.9977  S1=24.75  (14.8s)
  d=(0.138, 0.055, 0.025, 0.012, 0.006) l=(0.86, 0.07, 0.04, 0.02, 0.01) N_G=200  M=1.290296  minG=0.9987  S1=27.28  (8.5s)
  d=(0.138, 0.055, 0.025, 0.012, 0.006) l=(0.86, 0.07, 0.04, 0.02, 0.01) N_G=500  M=1.291109  minG=0.9977  S1=26.95  (14.9s)
  d=(0.138, 0.046, 0.025, 0.015, 0.008) l=(0.85, 0.07, 0.04, 0.02, 0.02) N_G=200  M=1.288529  minG=0.9987  S1=25.35  (8.3s)
  d=(0.138, 0.046, 0.025, 0.015, 0.008) l=(0.85, 0.07, 0.04, 0.02, 0.02) N_G=500  M=1.289355  minG=0.9978  S1=25.06  (16.3s)
  d=(0.138, 0.046, 0.025, 0.015, 0.008) l=(0.84, 0.08, 0.04, 0.02, 0.02) N_G=200  M=1.288231  minG=0.9987  S1=24.75  (9.5s)
  d=(0.138, 0.046, 0.025, 0.015, 0.008) l=(0.84, 0.08, 0.04, 0.02, 0.02) N_G=500  M=1.289065  minG=0.9978  S1=24.47  (14.8s)
  d=(0.138, 0.046, 0.025, 0.015, 0.008) l=(0.86, 0.07, 0.04, 0.02, 0.01) N_G=200  M=1.290392  minG=0.9987  S1=26.90  (9.1s)
  d=(0.138, 0.046, 0.025, 0.015, 0.008) l=(0.86, 0.07, 0.04, 0.02, 0.01) N_G=500  M=1.291189  minG=0.9978  S1=26.60  (14.7s)

==============================================================================
6-SCALE SWEEP
==============================================================================
  d=(0.138,0.08,0.0612,0.0425,0.0238,0.005) l=(0.85, 0.06, 0.04, 0.02, 0.02, 0.01)  M=1.291912  (10.1s)
  d=(0.138,0.08,0.0612,0.0425,0.0238,0.005) l=(0.84, 0.07, 0.04, 0.02, 0.02, 0.01)  M=1.292109  (10.4s)
  d=(0.138,0.09,0.0695,0.049,0.0285,0.008) l=(0.85, 0.06, 0.04, 0.02, 0.02, 0.01)  M=1.291630  (10.7s)
  d=(0.138,0.09,0.0695,0.049,0.0285,0.008) l=(0.84, 0.07, 0.04, 0.02, 0.02, 0.01)  M=1.291859  (9.7s)
  d=(0.138,0.06,0.0475,0.035,0.0225,0.01) l=(0.85, 0.06, 0.04, 0.02, 0.02, 0.01)  M=1.292265  (9.8s)
  d=(0.138,0.06,0.0475,0.035,0.0225,0.01) l=(0.84, 0.07, 0.04, 0.02, 0.02, 0.01)  M=1.292300  (10.5s)

==============================================================================
Re-certify GLOBAL BEST at XI_MAX=100000: 4sc NG=500 d=(0.138,0.055,0.03,0.015) l=(0.85,0.1,0.03,0.02)
==============================================================================
  deltas  = [0.138, 0.055, 0.03, 0.015]
  lambdas = [0.85, 0.1, 0.03, 0.02]
  XI_MAX  = 100000  prec = 256
  k_1 ~ 0.9212454089
  min_G >= 0.997899  G2=True  (2.4s)
  S_1 <= 29.0157
