
=== d=4, S=20 ===
  -> tri: ceiling = 1.0670  (0.7s)
  -> qp: ceiling = 1.0824  (0.5s)
  -> joint: ceiling = 1.0999  (0.6s)

=== d=4, S=30 ===
  -> tri: ceiling = 1.0829  (2.1s)
  -> qp: ceiling = 1.0870  (1.6s)
  -> joint: ceiling = 1.0973  (1.7s)

=== d=6, S=12 ===
  -> tri: ceiling = 1.0065  (6.2s)
  -> qp: ceiling = 1.0917  (6.7s)
  -> joint: ceiling = 1.1665  (8.6s)

=== d=6, S=18 ===
  -> tri: ceiling = 1.0855  (42.9s)
  -> qp: ceiling = 1.1132  (38.5s)
  -> joint: ceiling = 1.1701  (56.4s)

=== d=8, S=10 ===
  -> tri: ceiling = 0.8599  (54.9s)
  -> qp: ceiling = 1.0347  (59.3s)
  -> joint: ceiling = 1.1552  (80.7s)

==============================================================================
  d    S        tri         qp      joint    joint-tri
------------------------------------------------------------------------------
  4   20     1.0670     1.0824     1.0999      +0.0328
  4   30     1.0829     1.0870     1.0973      +0.0144
  6   12     1.0065     1.0917     1.1665      +0.1600
  6   18     1.0855     1.1132     1.1701      +0.0846
  8   10     0.8599     1.0347     1.1552      +0.2953

Saved: C:\Users\andre\OneDrive - PennO365\Desktop\compact_sidon\_qp_ceiling_results.json
