L0 survivors: 34
SDP-stage parents: 17
  parent=[65, 55, 55, 65] loose=False(solsta.optimal) tight=True(solsta.prim_infeas_cer)
  parent=[66, 54, 54, 66] loose=False(solsta.optimal) tight=True(solsta.prim_infeas_cer)
  parent=[67, 53, 53, 67] loose=False(solsta.optimal) tight=False(solsta.optimal)
  parent=[68, 52, 52, 68] loose=False(solsta.optimal) tight=False(solsta.optimal)
  parent=[69, 51, 51, 69] loose=False(solsta.optimal) tight=False(solsta.optimal)
  parent=[70, 50, 50, 70] loose=False(solsta.optimal) tight=False(solsta.optimal)
  parent=[71, 49, 49, 71] loose=False(solsta.optimal) tight=False(solsta.optimal)
  parent=[72, 48, 48, 72] loose=False(solsta.optimal) tight=False(solsta.optimal)
  parent=[73, 47, 47, 73] loose=False(solsta.optimal) tight=False(solsta.optimal)
  parent=[74, 46, 46, 74] loose=False(solsta.optimal) tight=False(solsta.optimal)
  parent=[75, 45, 45, 75] loose=False(solsta.optimal) tight=False(solsta.optimal)
  parent=[76, 44, 44, 76] loose=False(solsta.optimal) tight=False(solsta.optimal)
  parent=[77, 43, 43, 77] loose=False(solsta.optimal) tight=True(solsta.prim_infeas_cer)
  parent=[78, 42, 42, 78] loose=False(solsta.optimal) tight=True(solsta.prim_infeas_cer)
  parent=[79, 41, 41, 79] loose=False(solsta.optimal) tight=True(solsta.prim_infeas_cer)
  parent=[80, 40, 40, 80] loose=False(solsta.optimal) tight=True(solsta.prim_infeas_cer)
  parent=[81, 39, 39, 81] loose=False(solsta.optimal) tight=True(solsta.prim_infeas_cer)

Loose threshold (matches LP): 0/17
Tight threshold (drop box-cert): 7/17
