Total (d, R) pairs in schedule: 176
Smallest size: 15, largest: 7950261662089028100
d=  4 R=  4              n_eq~15 alpha=  1.000000  wall=    0.0s  mem=    67MB  status=      OK  (elapsed 0s of 3600)
d=  4 R=  6              n_eq~28 alpha=  1.047619  wall=    0.0s  mem=    62MB  status=      OK  (elapsed 1s of 3600)
d=  6 R=  4              n_eq~35 alpha=  1.050000  wall=    0.0s  mem=    71MB  status=      OK  (elapsed 1s of 3600)
d=  4 R=  8              n_eq~45 alpha=  1.062500  wall=    0.0s  mem=    67MB  status=      OK  (elapsed 2s of 3600)
d=  4 R= 10              n_eq~66 alpha=  1.066667  wall=    0.0s  mem=    67MB  status=      OK  (elapsed 3s of 3600)
d=  8 R=  4              n_eq~70 alpha=  1.066667  wall=    0.0s  mem=    67MB  status=      OK  (elapsed 3s of 3600)
d=  6 R=  6              n_eq~84 alpha=  1.088571  wall=    0.0s  mem=    33MB  status=      OK  (elapsed 4s of 3600)
d=  4 R= 12              n_eq~91 alpha=  1.076923  wall=    0.0s  mem=    43MB  status=      OK  (elapsed 4s of 3600)
d=  4 R= 14             n_eq~120 alpha=  1.081633  wall=    0.0s  mem=    42MB  status=      OK  (elapsed 5s of 3600)
d= 10 R=  4             n_eq~126 alpha=  1.077236  wall=    0.0s  mem=    71MB  status=      OK  (elapsed 5s of 3600)
d=  4 R= 16             n_eq~153 alpha=  1.083333  wall=    0.0s  mem=    72MB  status=      OK  (elapsed 6s of 3600)
d=  6 R=  8             n_eq~165 alpha=  1.107143  wall=    0.0s  mem=    72MB  status=      OK  (elapsed 7s of 3600)
d=  4 R= 18             n_eq~190 alpha=  1.087719  wall=    0.0s  mem=    34MB  status=      OK  (elapsed 7s of 3600)
d=  8 R=  6             n_eq~210 alpha=  1.103118  wall=    0.0s  mem=    72MB  status=      OK  (elapsed 8s of 3600)
d= 12 R=  4             n_eq~210 alpha=  1.084821  wall=    0.0s  mem=    75MB  status=      OK  (elapsed 9s of 3600)
d=  4 R= 20             n_eq~231 alpha=  1.090000  wall=    0.0s  mem=    36MB  status=      OK  (elapsed 9s of 3600)
d=  4 R= 22             n_eq~276 alpha=  1.090909  wall=    0.0s  mem=    73MB  status=      OK  (elapsed 10s of 3600)
d=  6 R= 10             n_eq~286 alpha=  1.120000  wall=    0.0s  mem=    48MB  status=      OK  (elapsed 10s of 3600)
d=  4 R= 24             n_eq~325 alpha=  1.093333  wall=    0.0s  mem=    73MB  status=      OK  (elapsed 11s of 3600)
d= 14 R=  4             n_eq~330 alpha=  1.092199  wall=    0.0s  mem=    76MB  status=      OK  (elapsed 12s of 3600)
d=  6 R= 12             n_eq~455 alpha=  1.128681  wall=    0.0s  mem=    75MB  status=      OK  (elapsed 12s of 3600)
d= 10 R=  6             n_eq~462 alpha=  1.118949  wall=    0.0s  mem=    76MB  status=      OK  (elapsed 13s of 3600)
d=  8 R=  8             n_eq~495 alpha=  1.130952  wall=    0.0s  mem=    76MB  status=      OK  (elapsed 14s of 3600)
d= 16 R=  4             n_eq~495 alpha=  1.099415  wall=    0.1s  mem=    76MB  status=      OK  (elapsed 14s of 3600)
d=  6 R= 14             n_eq~680 alpha=  1.134948  wall=    0.1s  mem=    76MB  status=      OK  (elapsed 15s of 3600)
d= 12 R=  6             n_eq~924 alpha=  1.133183  wall=    0.1s  mem=    86MB  status=      OK  (elapsed 15s of 3600)
d=  6 R= 16             n_eq~969 alpha=  1.140441  wall=    0.1s  mem=    79MB  status=      OK  (elapsed 16s of 3600)
d=  8 R= 10           n_eq~1,001 alpha=  1.147885  wall=    0.1s  mem=    74MB  status=      OK  (elapsed 17s of 3600)
d= 20 R=  4           n_eq~1,001 alpha=  1.111111  wall=    0.1s  mem=    73MB  status=      OK  (elapsed 17s of 3600)
d= 10 R=  8           n_eq~1,287 alpha=  1.148170  wall=    0.1s  mem=    85MB  status=      OK  (elapsed 18s of 3600)
d=  6 R= 18           n_eq~1,330 alpha=  1.144439  wall=    0.3s  mem=    85MB  status=      OK  (elapsed 19s of 3600)
d= 14 R=  6           n_eq~1,716 alpha=  1.144841  wall=    0.1s  mem=    88MB  status=      OK  (elapsed 19s of 3600)
d=  6 R= 20           n_eq~1,771 alpha=  1.147553  wall=    0.5s  mem=    90MB  status=      OK  (elapsed 20s of 3600)
d=  8 R= 12           n_eq~1,820 alpha=  1.158664  wall=    0.2s  mem=    80MB  status=      OK  (elapsed 21s of 3600)
d= 24 R=  4           n_eq~1,820 alpha=  1.115942  wall=    0.2s  mem=    71MB  status=      OK  (elapsed 22s of 3600)
d=  6 R= 22           n_eq~2,300 alpha=  1.150621  wall=    0.4s  mem=    99MB  status=      OK  (elapsed 22s of 3600)
d=  6 R= 24           n_eq~2,925 alpha=  1.152797  wall=    0.6s  mem=   107MB  status=      OK  (elapsed 23s of 3600)
d= 10 R= 10           n_eq~3,003 alpha=  1.169828  wall=    0.3s  mem=   114MB  status=      OK  (elapsed 24s of 3600)
d= 12 R=  8           n_eq~3,003 alpha=  1.164166  wall=    0.3s  mem=   130MB  status=      OK  (elapsed 25s of 3600)
d= 16 R=  6           n_eq~3,003 alpha=  1.152978  wall=    0.3s  mem=   118MB  status=      OK  (elapsed 26s of 3600)
d=  8 R= 14           n_eq~3,060 alpha=  1.167011  wall=    0.4s  mem=   119MB  status=      OK  (elapsed 27s of 3600)
d=  8 R= 16           n_eq~4,845 alpha=  1.175000  wall=    0.7s  mem=   150MB  status=      OK  (elapsed 28s of 3600)
d= 32 R=  4           n_eq~4,845 alpha=  1.125176  wall=    0.7s  mem=   152MB  status=      OK  (elapsed 29s of 3600)
d= 10 R= 12           n_eq~6,188 alpha=  1.184449  wall=    1.1s  mem=   170MB  status=      OK  (elapsed 30s of 3600)
d= 14 R=  8           n_eq~6,435 alpha=  1.177110  wall=    1.0s  mem=   167MB  status=      OK  (elapsed 32s of 3600)
d=  8 R= 18           n_eq~7,315 alpha=  1.181244  wall=    2.3s  mem=   191MB  status=      OK  (elapsed 34s of 3600)
d= 12 R= 10           n_eq~8,008 alpha=  1.189570  wall=    1.6s  mem=   200MB  status=      OK  (elapsed 37s of 3600)
d= 20 R=  6           n_eq~8,008 alpha=  1.162920  wall=    1.0s  mem=   179MB  status=      OK  (elapsed 39s of 3600)
d=  8 R= 20          n_eq~10,626 alpha=  1.185268  wall=    7.3s  mem=   260MB  status=      OK  (elapsed 40s of 3600)
d= 40 R=  4          n_eq~10,626 alpha=  1.129785  wall=    1.8s  mem=   262MB  status=      OK  (elapsed 48s of 3600)
d= 10 R= 14          n_eq~11,628 alpha=  1.196428  wall=    4.9s  mem=   319MB  status=      OK  (elapsed 50s of 3600)
d= 16 R=  8          n_eq~12,870 alpha=  1.186663  wall=    3.0s  mem=   282MB  status=      OK  (elapsed 56s of 3600)
d=  8 R= 22          n_eq~14,950 alpha=  1.186676  wall=   12.7s  mem=   383MB  status=      OK  (elapsed 59s of 3600)
d= 12 R= 12          n_eq~18,564 alpha=  1.204539  wall=   12.8s  mem=   655MB  status=      OK  (elapsed 73s of 3600)
d= 24 R=  6          n_eq~18,564 alpha=  1.171737  wall=    3.4s  mem=   320MB  status=      OK  (elapsed 86s of 3600)
d= 14 R= 10          n_eq~19,448 alpha=  1.202193  wall=   13.0s  mem=   617MB  status=      OK  (elapsed 90s of 3600)
d= 10 R= 16          n_eq~20,349 alpha=  1.204326  wall=   21.1s  mem=   542MB  status=      OK  (elapsed 104s of 3600)
d=  8 R= 24          n_eq~20,475 alpha=  1.187011  wall=   26.7s  mem=   522MB  status=      OK  (elapsed 125s of 3600)
d= 48 R=  4          n_eq~20,475 alpha=  1.133858  wall=    4.0s  mem=   442MB  status=      OK  (elapsed 153s of 3600)
d= 10 R= 18          n_eq~33,649 alpha=  1.210870  wall=  103.5s  mem=  1016MB  status=      OK  (elapsed 157s of 3600)
d= 56 R=  4          n_eq~35,960 alpha=  1.136054  wall=    9.8s  mem=   793MB  status=      OK  (elapsed 261s of 3600)
d= 12 R= 14          n_eq~38,760 alpha=  1.216730  wall=  116.9s  mem=  1535MB  status=      OK  (elapsed 272s of 3600)
d= 16 R= 10          n_eq~43,758 alpha=  1.211263  wall=   99.7s  mem=  1589MB  status=      OK  (elapsed 389s of 3600)
d= 20 R=  8          n_eq~43,758 alpha=  1.201727  wall=   72.6s  mem=  1500MB  status=      OK  (elapsed 490s of 3600)
d= 14 R= 12          n_eq~50,388 alpha=  1.218636  wall=  187.6s  mem=  1823MB  status=      OK  (elapsed 563s of 3600)
d= 10 R= 20          n_eq~53,130 alpha=  1.212563  wall=  438.1s  mem=  2108MB  status=      OK  (elapsed 751s of 3600)
d= 64 R=  4          n_eq~58,905 alpha=  1.138317  wall=   23.4s  mem=  1256MB  status=      OK  (elapsed 1190s of 3600)
d= 12 R= 16          n_eq~74,613 alpha= (TIMEOUT)  wall=  902.0s  mem=  3512MB  status= TIMEOUT  (elapsed 1214s of 3600)
d= 32 R=  6          n_eq~74,613 alpha=  1.182493  wall=  130.5s  mem=  1679MB  status=      OK  (elapsed 2116s of 3600)
d= 10 R= 22          n_eq~80,730 alpha= (TIMEOUT)  wall=  902.1s  mem=  3306MB  status= TIMEOUT  (elapsed 2247s of 3600)
d= 14 R= 14         n_eq~116,280 alpha= (TIMEOUT)  wall=  902.1s  mem=  6328MB  status= TIMEOUT  (elapsed 3150s of 3600)
d=10 R=24: SKIP (previous R=22 failed)

Total budget 3600s exceeded, stopping.

Total sweep wall: 4052s
Saved 71 records to C:\Users\andre\OneDrive - PennO365\Desktop\compact_sidon\sweep_results.json

Running trend analysis...
Traceback (most recent call last):
  File "C:\Users\andre\OneDrive - PennO365\Desktop\compact_sidon\polya_lp_sweep_analysis.py", line 448, in <module>
    analyze()
  File "C:\Users\andre\OneDrive - PennO365\Desktop\compact_sidon\polya_lp_sweep_analysis.py", line 382, in analyze
    lines.append(f"| {d_val} | {val_d:.3f} | "
                 ^^^^^^^^^^^^^^^^^^^^^^^^^^^^^
ValueError: Invalid format specifier '.3f if C_data is not None else 0:.3f' for object of type 'float'
