|W|=190

########################################################################
# SWEEP A: knee resolution (seed=42): 50 boxes × K∈[4, 8, 12, 24]
########################################################################
  [  1/50]  K=  4:✓(0.9s)  K=  8:✓(0.8s)  K= 12:✓(0.9s)  K= 24:✓(1.6s)
  [ 10/50]  K=  4:✗(0.7s)  K=  8:✓(1.2s)  K= 12:✓(1.4s)  K= 24:✓(2.4s)
  [ 20/50]  K=  4:✓(0.9s)  K=  8:✓(1.1s)  K= 12:✓(1.4s)  K= 24:✓(2.2s)
  [ 30/50]  K=  4:✗(0.8s)  K=  8:✓(1.2s)  K= 12:✓(1.5s)  K= 24:✓(2.2s)
  [ 40/50]  K=  4:✓(1.0s)  K=  8:✓(1.1s)  K= 12:✓(1.5s)  K= 24:✓(2.3s)
  [ 50/50]  K=  4:✗(0.8s)  K=  8:✓(1.1s)  K= 12:✓(1.4s)  K= 24:✓(2.2s)

    K       cert        %    avg_s    med_s
--------------------------------------------------
    4    22/50      44.0%     0.84     0.83
    8    45/50      90.0%     1.08     1.15
   12    46/50      92.0%     1.33     1.42
   24    46/50      92.0%     2.14     2.26
  wall 269.7s

########################################################################
# SWEEP B: cross-validation (seed=43): 50 boxes × K∈[0, 16, 32]
########################################################################
  [  1/50]  K=  0:✗(0.6s)  K= 16:✓(1.8s)  K= 32:✓(3.1s)
  [ 10/50]  K=  0:✗(0.4s)  K= 16:✓(1.3s)  K= 32:✓(2.4s)
  [ 20/50]  K=  0:✗(0.4s)  K= 16:✓(1.1s)  K= 32:✓(1.7s)
