\BOOKMARK [1][-]{section.1}{\376\377\000I\000n\000t\000r\000o\000d\000u\000c\000t\000i\000o\000n}{}% 1
\BOOKMARK [2][-]{subsection.1.1}{\376\377\000T\000h\000e\000\040\000C\000o\000n\000s\000t\000a\000n\000t\000\040\000C\0001\000a}{section.1}% 2
\BOOKMARK [2][-]{subsection.1.2}{\376\377\000K\000n\000o\000w\000n\000\040\000B\000o\000u\000n\000d\000s\000\040\000a\000n\000d\000\040\000t\000h\000e\000\040\000P\000r\000e\000s\000e\000n\000t\000\040\000R\000e\000s\000u\000l\000t}{section.1}% 3
\BOOKMARK [2][-]{subsection.1.3}{\376\377\000P\000r\000o\000o\000f\000\040\000S\000t\000r\000a\000t\000e\000g\000y\000\040\000a\000t\000\040\000a\000\040\000H\000i\000g\000h\000\040\000L\000e\000v\000e\000l}{section.1}% 4
\BOOKMARK [1][-]{section.2}{\376\377\000F\000r\000o\000m\000\040\000F\000u\000n\000c\000t\000i\000o\000n\000s\000\040\000t\000o\000\040\000a\000\040\000S\000i\000m\000p\000l\000e\000x\000\040\000P\000o\000l\000y\000n\000o\000m\000i\000a\000l}{}% 5
\BOOKMARK [2][-]{subsection.2.1}{\376\377\000B\000i\000n\000\040\000M\000a\000s\000s\000e\000s\000\040\000a\000n\000d\000\040\000t\000h\000e\000\040\000W\000i\000n\000d\000o\000w\000\040\000M\000a\000t\000r\000i\000x}{section.2}% 6
\BOOKMARK [2][-]{subsection.2.2}{\376\377\000T\000h\000e\000\040\000S\000i\000m\000p\000l\000e\000x\000\040\000P\000o\000l\000y\000n\000o\000m\000i\000a\000l\000\040\000P\000r\000o\000b\000l\000e\000m}{section.2}% 7
\BOOKMARK [1][-]{section.3}{\376\377\000T\000h\000e\000\040\000L\000a\000s\000s\000e\000r\000r\000e\000\040\000S\000D\000P\000\040\000H\000i\000e\000r\000a\000r\000c\000h\000y}{}% 8
\BOOKMARK [2][-]{subsection.3.1}{\376\377\000P\000s\000e\000u\000d\000o\000-\000M\000o\000m\000e\000n\000t\000s\000\040\000a\000n\000d\000\040\000t\000h\000e\000\040\000M\000o\000m\000e\000n\000t\000\040\000M\000a\000t\000r\000i\000x}{section.3}% 9
\BOOKMARK [2][-]{subsection.3.2}{\376\377\000E\000n\000c\000o\000d\000i\000n\000g\000\040\000t\000h\000e\000\040\000S\000i\000m\000p\000l\000e\000x}{section.3}% 10
\BOOKMARK [2][-]{subsection.3.3}{\376\377\000T\000h\000e\000\040\000W\000i\000n\000d\000o\000w\000\040\000O\000b\000j\000e\000c\000t\000i\000v\000e\000\040\000a\000s\000\040\000a\000n\000\040\000S\000D\000P}{section.3}% 11
\BOOKMARK [1][-]{section.4}{\376\377\000C\000o\000r\000r\000e\000l\000a\000t\000i\000v\000e\000\040\000S\000p\000a\000r\000s\000i\000t\000y\000\040\000f\000o\000r\000\040\000H\000i\000g\000h\000\040\000R\000e\000s\000o\000l\000u\000t\000i\000o\000n\000s}{}% 12
\BOOKMARK [2][-]{subsection.4.1}{\376\377\000B\000a\000n\000d\000e\000d\000\040\000C\000o\000u\000p\000l\000i\000n\000g\000\040\000a\000n\000d\000\040\000C\000h\000o\000r\000d\000a\000l\000\040\000E\000x\000t\000e\000n\000s\000i\000o\000n}{section.4}% 13
\BOOKMARK [2][-]{subsection.4.2}{\376\377\000C\000l\000i\000q\000u\000e\000-\000R\000e\000s\000t\000r\000i\000c\000t\000e\000d\000\040\000R\000e\000l\000a\000x\000a\000t\000i\000o\000n}{section.4}% 14
\BOOKMARK [2][-]{subsection.4.3}{\376\377\000T\000i\000g\000h\000t\000n\000e\000s\000s\000\040\000a\000t\000\040\000T\000a\000r\000g\000e\000t\000\040\000R\000e\000s\000o\000l\000u\000t\000i\000o\000n\000s}{section.4}% 15
\BOOKMARK [1][-]{section.5}{\376\377\000T\000h\000e\000\040\000A\000l\000g\000o\000r\000i\000t\000h\000m}{}% 16
\BOOKMARK [2][-]{subsection.5.1}{\376\377\000B\000i\000s\000e\000c\000t\000i\000o\000n\000\040\000a\000n\000d\000\040\000C\000o\000n\000s\000t\000r\000a\000i\000n\000t\000\040\000G\000e\000n\000e\000r\000a\000t\000i\000o\000n}{section.5}% 17
\BOOKMARK [2][-]{subsection.5.2}{\376\377\000R\000e\000c\000o\000v\000e\000r\000i\000n\000g\000\040\000a\000\040\000R\000i\000g\000o\000r\000o\000u\000s\000\040\000L\000o\000w\000e\000r\000\040\000B\000o\000u\000n\000d}{section.5}% 18
\BOOKMARK [1][-]{section.6}{\376\377\000H\000i\000e\000r\000a\000r\000c\000h\000y\000\040\000o\000f\000\040\000B\000o\000u\000n\000d\000s\000\040\000a\000n\000d\000\040\000N\000u\000m\000e\000r\000i\000c\000a\000l\000\040\000C\000e\000r\000t\000i\000f\000i\000c\000a\000t\000e}{}% 19
\BOOKMARK [2][-]{subsection.6.1}{\376\377\000T\000h\000e\000\040\000L\000a\000d\000d\000e\000r\000\040\000o\000f\000\040\000B\000o\000u\000n\000d\000s}{section.6}% 20
\BOOKMARK [2][-]{subsection.6.2}{\376\377\000R\000e\000c\000o\000r\000d\000e\000d\000\040\000C\000e\000r\000t\000i\000f\000i\000c\000a\000t\000e\000\040\000a\000t\000\040\000\050\000d\000,\000k\000\051\000=\000\050\0001\0006\000,\0003\000\051}{section.6}% 21
\BOOKMARK [2][-]{subsection.6.3}{\376\377\000N\000u\000m\000e\000r\000i\000c\000a\000l\000\040\000S\000u\000r\000v\000e\000y\000\040\000a\000t\000\040\000O\000t\000h\000e\000r\000\040\000R\000e\000s\000o\000l\000u\000t\000i\000o\000n\000s}{section.6}% 22
\BOOKMARK [2][-]{subsection.6.4}{\376\377\000P\000r\000o\000o\000f\000\040\000o\000f\000\040\000t\000h\000e\000\040\000M\000a\000i\000n\000\040\000T\000h\000e\000o\000r\000e\000m}{section.6}% 23
\BOOKMARK [1][-]{section.7}{\376\377\000S\000o\000u\000n\000d\000n\000e\000s\000s\000\040\000o\000f\000\040\000t\000h\000e\000\040\000C\000o\000m\000p\000u\000t\000a\000t\000i\000o\000n}{}% 24
\BOOKMARK [2][-]{subsection.7.1}{\376\377\000C\000o\000r\000r\000e\000c\000t\000\040\000M\000o\000d\000e\000l\000i\000n\000g}{section.7}% 25
\BOOKMARK [2][-]{subsection.7.2}{\376\377\000R\000i\000g\000o\000r\000o\000u\000s\000\040\000D\000u\000a\000l\000\040\000B\000o\000u\000n\000d}{section.7}% 26
\BOOKMARK [2][-]{subsection.7.3}{\376\377\000C\000l\000i\000q\000u\000e\000-\000R\000e\000s\000t\000r\000i\000c\000t\000i\000o\000n\000\040\000a\000t\000\040\000H\000i\000g\000h\000e\000r\000\040\000R\000e\000s\000o\000l\000u\000t\000i\000o\000n\000s}{section.7}% 27
\BOOKMARK [1][-]{section.8}{\376\377\000L\000e\000a\000n\000\040\000F\000o\000r\000m\000a\000l\000i\000z\000a\000t\000i\000o\000n}{}% 28
\BOOKMARK [1][-]{section.9}{\376\377\000D\000i\000s\000c\000u\000s\000s\000i\000o\000n}{}% 29
\BOOKMARK [2][-]{subsection.9.1}{\376\377\000R\000e\000l\000a\000t\000i\000o\000n\000s\000h\000i\000p\000\040\000t\000o\000\040\000t\000h\000e\000\040\000C\000a\000s\000c\000a\000d\000e\000\040\000P\000r\000o\000o\000f}{section.9}% 30
\BOOKMARK [2][-]{subsection.9.2}{\376\377\000L\000i\000m\000i\000t\000a\000t\000i\000o\000n\000s}{section.9}% 31
