======================================================================
Numerical search for asymmetric near-extremizers of C_{1a}
Grid NX=4001, dx=1.25000e-04
======================================================================
Sanity: uniform on [-1/4,1/4] -> M = 2.000500 (analytic 2.000)

--- K=3 gauss ---
  best M = 1.5876158 (search M = 1.5876158)  time 102.7s
  K=||f||_2^2 = 3.44622  asym = 1.0922
  n_peaks = 2  peaks = [(-0.03950000000000001, 2.8967747874550014), (0.244875, 9.068321891015175)]

--- K=3 bump ---
  best M = 11.1111112 (search M = 11.1111112)  time 73.1s
  K=||f||_2^2 = 16.66667  asym = 0.6917
  n_peaks = 3  peaks = [(-0.06825, 16.666667043558295), (-0.044749999999999984, 16.666666494179317), (0.04799999999999999, 16.666666462262377)]

--- K=5 gauss ---
  best M = 1.5769095 (search M = 1.5769095)  time 227.6s
  K=||f||_2^2 = 3.60515  asym = 1.0769
  n_peaks = 3  peaks = [(-0.24475, 11.191657549798258), (-0.1185, 3.843624281626157), (0.18825000000000003, 2.0870904460857136)]

--- K=5 bump ---
  best M = 4.3824813 (search M = 4.3824813)  time 217.7s
  K=||f||_2^2 = 10.98569  asym = 2.0000
  n_peaks = 5  peaks = [(-0.239375, 10.822765779613865), (-0.21537499999999998, 11.581713802992718), (-0.177125, 10.470521756099368), (-0.071375, 11.048076406483268), (0.12412499999999999, 11.014576766093969)]

--- K=10 gauss ---
