=== Parallel N=2 certification at M=1.275000 ===
split_dims=4 -> 16 sub-boxes; workers=14
Created 16 sub-boxes
  box  5/16: CERTIFIED_FORBIDDEN     cells=        1  terminal=      1  (0.0s)
  box  6/16: CERTIFIED_FORBIDDEN     cells=        1  terminal=      1  (0.0s)
  box  1/16: CERTIFIED_FORBIDDEN     cells=        1  terminal=      1  (0.0s)
  box  3/16: CERTIFIED_FORBIDDEN     cells=        1  terminal=      1  (0.0s)
  box  2/16: CERTIFIED_FORBIDDEN     cells=        1  terminal=      1  (0.0s)
  box  4/16: CERTIFIED_FORBIDDEN     cells=        1  terminal=      1  (0.0s)
  box  0/16: CERTIFIED_FORBIDDEN     cells=        1  terminal=      1  (0.0s)
  box  7/16: CERTIFIED_FORBIDDEN     cells=        1  terminal=      1  (0.0s)
  box 15/16: NOT_CERTIFIED           cells=  1000001  terminal=  61880  (268.7s)
  box 14/16: NOT_CERTIFIED           cells=  1000001  terminal=  61880  (270.7s)
  box 11/16: NOT_CERTIFIED           cells=  1000001  terminal=  61880  (277.4s)
  box 10/16: NOT_CERTIFIED           cells=  1000001  terminal=  61880  (277.4s)
  box  8/16: NOT_CERTIFIED           cells=  1000001  terminal=  58109  (277.7s)
  box 12/16: NOT_CERTIFIED           cells=  1000001  terminal=  58292  (278.6s)
  box 13/16: NOT_CERTIFIED           cells=  1000001  terminal=  58109  (278.9s)
  box  9/16: NOT_CERTIFIED           cells=  1000001  terminal=  58292  (280.2s)

Elapsed: 293.0s
Certified: 8/16; Failed: 8

NOT all sub-boxes certified — global verdict NOT_CERTIFIED.
  FAIL box 8: worst_live_up = 0.021691492932584534
  FAIL box 9: worst_live_up = 0.02168761002680083
  FAIL box 10: worst_live_up = 0.0016039184347330536
  FAIL box 11: worst_live_up = 0.0016039184347330536
  FAIL box 12: worst_live_up = 0.02168761002680083
  FAIL box 13: worst_live_up = 0.021691492932584534
  FAIL box 14: worst_live_up = 0.0016039184347330536
  FAIL box 15: worst_live_up = 0.0016039184347330536
