(CVXPY) May 11 07:21:34 PM: Encountered unexpected exception importing solver GLOP:
RuntimeError('Unrecognized new version of ortools (9.15.6755). Expected < 9.15.0. Please open a feature request on cvxpy to enable support for this version.')
(CVXPY) May 11 07:21:34 PM: Encountered unexpected exception importing solver PDLP:
RuntimeError('Unrecognized new version of ortools (9.15.6755). Expected < 9.15.0. Please open a feature request on cvxpy to enable support for this version.')
==============================================================================
Cohn--Elkies multi-scale arcsine certifier v4 (large-N + 3-scale)
==============================================================================

--- 2-scale N=200 sweep (xi_max=10000) ---
      d_2    lam_1     M_cert     minG       S_1     K2hi    time
   0.0400   0.8200   1.288834   0.9988    27.045   5.0176    3.9s *
   0.0400   0.8500   1.289918   0.9988    29.636   4.8457    2.5s *
   0.0400   0.8800   1.290045   0.9987    33.048   4.6860    2.5s *
   0.0400   0.9000   1.289488   0.9987    36.018   4.5863    2.7s
   0.0430   0.8200   1.289816   0.9988    27.740   4.9538    2.4s
   0.0430   0.8500   1.290453   0.9988    30.403   4.7962    2.5s *
   0.0430   0.8800   1.290169   0.9987    33.913   4.6492    2.6s
   0.0430   0.9000   1.289374   0.9987    36.966   4.5572    2.7s
   0.0460   0.8200   1.290156   0.9988    28.606   4.8965    2.7s
   0.0460   0.8500   1.290439   0.9988    31.354   4.7515    2.6s
   0.0460   0.8800   1.289867   0.9987    34.964   4.6159    2.5s
   0.0460   0.9000   1.288928   0.9987    38.090   4.5308    2.5s
   0.0500   0.8200   1.289696   0.9988    30.069   4.8283    2.5s
   0.0500   0.8500   1.289712   0.9988    32.919   4.6980    2.6s
   0.0500   0.8800   1.288967   0.9987    36.634   4.5759    2.6s
   0.0500   0.9000   1.287978   0.9987    39.827   4.4990    2.5s
  [Best 2-scale re-run at xi_max=1e5]
  deltas = [0.1380, 0.0430]  lambdas = [0.8500, 0.1500]
  n_modes = 200  XI_MAX = 100000  prec = 256 bits  arb_grid = 200001
  [arb] k_1 mid=0.9215210764  rad<=6.33e-77
  [arb] min_G >= 0.99877130 (lip rem <= 1.21e-03) G2 = OK  (0.5s)
  [arb] S_1 <= 30.403052
  [arb] K_2 in [4.78884560, 4.78960008]  tail <= 7.54e-04  (6.0s)
  [arb] gain a >= 0.205709
  [arb] certified M_* >= 1.29077730

--- 2-scale N=500 sweep (xi_max=10000) ---
      d_2    lam_1     M_cert     minG       S_1     K2hi    time
   0.0400   0.8200   1.289638   0.9980    26.734   5.0176    6.5s *
   0.0400   0.8500   1.290675   0.9979    29.290   4.8457    7.3s *
   0.0400   0.8800   1.290746   0.9979    32.654   4.6860    6.6s *
   0.0400   0.9000   1.290148   0.9978    35.581   4.5863    6.9s
   0.0430   0.8200   1.290588   0.9980    27.428   4.9538    7.1s
   0.0430   0.8500   1.291178   0.9979    30.055   4.7962    6.8s *
   0.0430   0.8800   1.290842   0.9979    33.515   4.6492    6.7s
   0.0430   0.9000   1.290011   0.9978    36.521   4.5572    7.0s
   0.0460   0.8200   1.290898   0.9980    28.288   4.8965    6.5s
   0.0460   0.8500   1.291138   0.9979    30.998   4.7515    7.2s
   0.0460   0.8800   1.290518   0.9978    34.556   4.6159    7.0s
   0.0460   0.9000   1.289547   0.9978    37.632   4.5308    7.3s
   0.0500   0.8200   1.290417   0.9980    29.730   4.8283    7.2s
   0.0500   0.8500   1.290391   0.9979    32.539   4.6980    6.6s
   0.0500   0.8800   1.289601   0.9978    36.199   4.5759    6.7s
   0.0500   0.9000   1.288581   0.9977    39.340   4.4990    8.3s
  [Best 2-scale re-run at xi_max=1e5]
  deltas = [0.1380, 0.0430]  lambdas = [0.8500, 0.1500]
  n_modes = 500  XI_MAX = 100000  prec = 256 bits  arb_grid = 200001
  [arb] k_1 mid=0.9215210764  rad<=6.33e-77
  [arb] min_G >= 0.99793892 (lip rem <= 1.99e-03) G2 = OK  (2.3s)
  [arb] S_1 <= 30.055062
  [arb] K_2 in [4.78884560, 4.78960008]  tail <= 7.54e-04  (9.3s)
  [arb] gain a >= 0.207745
  [arb] certified M_* >= 1.29150310

--- 2-scale N=1000 sweep (xi_max=10000) ---
      d_2    lam_1     M_cert     minG       S_1     K2hi    time
   0.0400   0.8200   1.289785   0.9969    26.630   5.0176   14.4s *
   0.0400   0.8500   1.290812   0.9969    29.174   4.8457   16.0s *
   0.0400   0.8800   1.290873   0.9967    32.521   4.6860   16.3s *
   0.0400   0.9000   1.290267   0.9966    35.433   4.5863   15.0s
   0.0430   0.8200   1.290729   0.9970    27.323   4.9538   14.1s
   0.0430   0.8500   1.291311   0.9969    29.938   4.7962   14.4s *
   0.0430   0.8800   1.290965   0.9968    33.381   4.6492   13.5s
   0.0430   0.9000   1.290127   0.9966    36.370   4.5572   14.3s
   0.0460   0.8200   1.291032   0.9970    28.182   4.8965   12.9s
   0.0460   0.8500   1.291265   0.9969    30.879   4.7515   12.8s
   0.0460   0.8800   1.290635   0.9968    34.418   4.6159   12.2s
   0.0460   0.9000   1.289659   0.9966    37.477   4.5308   13.1s
   0.0500   0.8200   1.290542   0.9969    29.618   4.8283   13.2s
   0.0500   0.8500   1.290509   0.9968    32.413   4.6980   13.8s
   0.0500   0.8800   1.289712   0.9967    36.053   4.5759   13.5s
   0.0500   0.9000   1.288687   0.9966    39.176   4.4990   13.3s
  [Best 2-scale re-run at xi_max=1e5]
  deltas = [0.1380, 0.0430]  lambdas = [0.8500, 0.1500]
  n_modes = 1000  XI_MAX = 100000  prec = 256 bits  arb_grid = 200001
  [arb] k_1 mid=0.9215210764  rad<=6.33e-77
  [arb] min_G >= 0.99688212 (lip rem <= 2.89e-03) G2 = OK  (3.0s)
  [arb] S_1 <= 29.937830
  [arb] K_2 in [4.78884560, 4.78960008]  tail <= 7.54e-04  (7.4s)
  [arb] gain a >= 0.208117
  [arb] certified M_* >= 1.29163584

--- 3-scale N=200 sweep (xi_max=10000) ---
      d2     d3     l1     l2     M_cert     minG       S_1     K2hi    time
   0.040  0.015  0.800  0.080   1.275660   0.9987    20.969   5.8591    4.0s *
   0.040  0.015  0.800  0.100   1.279361   0.9987    21.444   5.7098    4.0s *
   0.040  0.015  0.800  0.120   1.282585   0.9987    21.984   5.5722    3.9s *
   0.040  0.015  0.850  0.080   1.287120   0.9987    25.084   5.1911    3.9s *
   0.040  0.015  0.850  0.100   1.289285   0.9987    25.991   5.0778    4.0s *
   0.040  0.015  0.850  0.120   1.290577   0.9988    27.111   4.9762    3.9s *
   0.040  0.015  0.880  0.080   1.290679   0.9987    29.108   4.8578    4.0s *
   0.040  0.015  0.880  0.100   1.291210   0.9987    30.707   4.7661    4.0s *
   0.040  0.020  0.800  0.080   1.281539   0.9988    21.881   5.6086    3.9s
   0.040  0.020  0.800  0.100   1.283693   0.9988    22.287   5.5148    3.9s
   0.040  0.020  0.800  0.120   1.285507   0.9988    22.745   5.4271    3.9s
   0.040  0.020  0.850  0.080   1.289233   0.9988    26.034   5.0761    3.9s
   0.040  0.020  0.850  0.100   1.290297   0.9988    26.793   5.0025    3.8s
   0.040  0.020  0.850  0.120   1.290789   0.9988    27.710   4.9351    3.9s
   0.040  0.020  0.880  0.080   1.291131   0.9987    29.992   4.8027    3.9s
   0.040  0.020  0.880  0.100   1.291101   0.9987    31.285   4.7412    3.8s
   0.040  0.025  0.800  0.080   1.284845   0.9988    22.773   5.4401    3.9s
   0.040  0.025  0.800  0.100   1.286053   0.9988    23.098   5.3815    3.9s
   0.040  0.025  0.800  0.120   1.287022   0.9988    23.464   5.3263    3.9s
   0.040  0.025  0.850  0.080   1.290162   0.9988    26.942   4.9958    3.9s
   0.040  0.025  0.850  0.100   1.290618   0.9988    27.543   4.9488    3.8s
   0.040  0.025  0.850  0.120   1.290704   0.9988    28.252   4.9050    3.8s
   0.040  0.025  0.880  0.080   1.291101   0.9987    30.818   4.7630    3.9s
   0.040  0.025  0.880  0.100   1.290850   0.9987    31.805   4.7228    3.9s
   0.046  0.015  0.800  0.080   1.277179   0.9987    21.273   5.7844    3.9s
   0.046  0.015  0.800  0.100   1.281147   0.9987    21.859   5.6203    4.0s
   0.046  0.015  0.800  0.120   1.284566   0.9987    22.534   5.4695    3.8s
   0.046  0.015  0.850  0.080   1.288095   0.9987    25.618   5.1301    3.8s
   0.046  0.015  0.850  0.100   1.290272   0.9987    26.755   5.0054    3.9s
   0.046  0.015  0.850  0.120   1.291432   0.9988    28.183   4.8939    4.0s *
   0.046  0.015  0.880  0.080   1.291099   0.9987    29.959   4.8049    4.0s
   0.046  0.015  0.880  0.100   1.291375   0.9987    32.000   4.7038    3.8s
   0.046  0.020  0.800  0.080   1.282825   0.9988    22.268   5.5374    3.9s
   0.046  0.020  0.800  0.100   1.285241   0.9988    22.791   5.4289    3.9s
   0.046  0.020  0.800  0.120   1.287262   0.9988    23.384   5.3279    3.9s
   0.046  0.020  0.850  0.080   1.289990   0.9987    26.669   5.0171    3.9s
   0.046  0.020  0.850  0.100   1.291104   0.9988    27.654   4.9318    3.9s
   0.046  0.020  0.850  0.120   1.291540   0.9988    28.854   4.8541    3.9s *
   0.046  0.020  0.880  0.080   1.291400   0.9987    30.945   4.7510    3.9s
   0.046  0.020  0.880  0.100   1.291205   0.9987    32.645   4.6797    3.9s
   0.046  0.025  0.800  0.080   1.286182   0.9988    23.175   5.3716    4.1s
   0.046  0.025  0.800  0.100   1.287631   0.9988    23.625   5.2984    4.0s
   0.046  0.025  0.800  0.120   1.288786   0.9988    24.132   5.2297    3.9s
   0.046  0.025  0.850  0.080   1.290924   0.9988    27.609   4.9383    3.8s
   0.046  0.025  0.850  0.100   1.291426   0.9988    28.439   4.8795    3.6s
   0.046  0.025  0.850  0.120   1.291472   0.9988    29.425   4.8250    3.6s
   0.046  0.025  0.880  0.080   1.291372   0.9987    31.812   4.7122    3.7s
   0.046  0.025  0.880  0.100   1.290977   0.9987    33.190   4.6619    3.9s
   0.055  0.015  0.800  0.080   1.278610   0.9987    21.738   5.6962    4.0s
   0.055  0.015  0.800  0.100   1.282826   0.9987    22.493   5.5147    3.9s
   0.055  0.015  0.800  0.120   1.286389   0.9987    23.377   5.3483    4.1s
   0.055  0.015  0.850  0.080   1.288877   0.9987    26.418   5.0573    3.9s
   0.055  0.015  0.850  0.100   1.290948   0.9987    27.921   4.9190    4.2s
   0.055  0.015  0.850  0.120   1.291717   0.9987    29.892   4.7958    3.9s *
   0.055  0.015  0.880  0.080   1.291183   0.9987    31.243   4.7414    3.8s
   0.055  0.015  0.880  0.100   1.290862   0.9987    34.084   4.6290    4.2s
   0.055  0.020  0.800  0.080   1.284215   0.9988    22.790   5.4531    4.0s
   0.055  0.020  0.800  0.100   1.286827   0.9988    23.501   5.3273    3.7s
   0.055  0.020  0.800  0.120   1.288943   0.9988    24.322   5.2105    3.7s
   0.055  0.020  0.850  0.080   1.290643   0.9987    27.569   4.9465    3.7s
   0.055  0.020  0.850  0.100   1.291625   0.9987    28.941   4.8475    3.8s
   0.055  0.020  0.850  0.120   1.291669   0.9987    30.695   4.7575    4.1s
   0.055  0.020  0.880  0.080   1.291353   0.9987    32.360   4.6887    4.0s
   0.055  0.020  0.880  0.100   1.290581   0.9987    34.859   4.6057    4.0s
   0.055  0.025  0.800  0.080   1.287351   0.9988    23.795   5.2901    3.9s
   0.055  0.025  0.800  0.100   1.288993   0.9988    24.442   5.1999    4.0s
   0.055  0.025  0.800  0.120   1.290255   0.9988    25.181   5.1153    3.9s
   0.055  0.025  0.850  0.080   1.291430   0.9988    28.615   4.8695    4.0s
   0.055  0.025  0.850  0.100   1.291808   0.9988    29.841   4.7967    3.9s *
   0.055  0.025  0.850  0.120   1.291470   0.9988    31.383   4.7295    3.9s
   0.055  0.025  0.880  0.080   1.291226   0.9987    33.341   4.6509    4.0s
   0.055  0.025  0.880  0.100   1.290254   0.9987    35.523   4.5885    4.2s
  [Best 3-scale re-run at xi_max=1e5]
  deltas = [0.1380, 0.0550, 0.0250]  lambdas = [0.8500, 0.1000, 0.0500]
  n_modes = 200  XI_MAX = 100000  prec = 256 bits  arb_grid = 200001
  [arb] k_1 mid=0.9212465899  rad<=7.02e-77
  [arb] min_G >= 0.99875887 (lip rem <= 1.22e-03) G2 = OK  (0.7s)
  [arb] S_1 <= 29.840907
  [arb] K_2 in [4.78882342, 4.78963036]  tail <= 8.07e-04  (11.1s)
  [arb] gain a >= 0.209579
  [arb] certified M_* >= 1.29215650

==============================================================================
FINAL SUMMARY
==============================================================================
  twoscale_N200_best            M_cert >= 1.29077730  d=[0.1380,0.0430]  l=[0.8500,0.1500]  N=200  xi=100000
  twoscale_N500_best            M_cert >= 1.29150310  d=[0.1380,0.0430]  l=[0.8500,0.1500]  N=500  xi=100000
  twoscale_N1000_best           M_cert >= 1.29163584  d=[0.1380,0.0430]  l=[0.8500,0.1500]  N=1000  xi=100000
  threescale_N200_best          M_cert >= 1.29215650  d=[0.1380,0.0550,0.0250]  l=[0.8500,0.1000,0.0500]  N=200  xi=100000

BEST RIGOROUS M_cert (v4): 1.29215650
  deltas = [0.138, 0.055, 0.025]
  lambdas = [0.85, 0.1, 0.05]
  N = 200, xi_max = 100000
v3 best for reference: 1.28984106
Target threshold:      1.29000000
==============================================================================
Wrote C:\Users\andre\OneDrive - PennO365\Desktop\compact_sidon\_cohn_elkies_128_v4_results.json
