==============================================================================
Cohn--Elkies multi-scale arcsine certifier v4 (large-N + 3-scale)
==============================================================================

--- 3-scale N=200 sweep (xi_max=10000) ---
      d2     d3     l1     l2     M_cert     minG       S_1     K2hi    time
(CVXPY) May 11 10:03:25 PM: Encountered unexpected exception importing solver GLOP:
RuntimeError('Unrecognized new version of ortools (9.15.6755). Expected < 9.15.0. Please open a feature request on cvxpy to enable support for this version.')
(CVXPY) May 11 10:03:25 PM: Encountered unexpected exception importing solver PDLP:
RuntimeError('Unrecognized new version of ortools (9.15.6755). Expected < 9.15.0. Please open a feature request on cvxpy to enable support for this version.')
   0.040  0.015  0.800  0.080   1.275660   0.9987    20.969   5.8591   10.7s *
   0.040  0.015  0.800  0.100   1.279361   0.9987    21.444   5.7098   10.2s *
   0.040  0.015  0.800  0.120   1.282585   0.9987    21.984   5.5722    9.3s *
   0.040  0.015  0.850  0.080   1.287120   0.9987    25.084   5.1911    8.9s *
   0.040  0.015  0.850  0.100   1.289285   0.9987    25.991   5.0778    9.3s *
   0.040  0.015  0.850  0.120   1.290577   0.9988    27.111   4.9762    7.9s *
   0.040  0.015  0.880  0.080   1.290679   0.9987    29.108   4.8578    9.1s *
   0.040  0.015  0.880  0.100   1.291210   0.9987    30.707   4.7661    8.9s *
   0.040  0.020  0.800  0.080   1.281539   0.9988    21.881   5.6086   10.3s
   0.040  0.020  0.800  0.100   1.283693   0.9988    22.287   5.5148   10.4s
   0.040  0.020  0.800  0.120   1.285507   0.9988    22.745   5.4271   10.2s
   0.040  0.020  0.850  0.080   1.289233   0.9988    26.034   5.0761   10.0s
   0.040  0.020  0.850  0.100   1.290297   0.9988    26.793   5.0025    9.7s
   0.040  0.020  0.850  0.120   1.290789   0.9988    27.710   4.9351   10.1s
   0.040  0.020  0.880  0.080   1.291131   0.9987    29.992   4.8027   10.5s
   0.040  0.020  0.880  0.100   1.291101   0.9987    31.285   4.7412    9.1s
   0.040  0.025  0.800  0.080   1.284845   0.9988    22.773   5.4401    8.8s
   0.040  0.025  0.800  0.100   1.286053   0.9988    23.098   5.3815    8.9s
   0.040  0.025  0.800  0.120   1.287022   0.9988    23.464   5.3263    9.3s
   0.040  0.025  0.850  0.080   1.290162   0.9988    26.942   4.9958    9.8s
   0.040  0.025  0.850  0.100   1.290618   0.9988    27.543   4.9488    9.9s
   0.040  0.025  0.850  0.120   1.290704   0.9988    28.252   4.9050    8.7s
   0.040  0.025  0.880  0.080   1.291101   0.9987    30.818   4.7630    8.7s
   0.040  0.025  0.880  0.100   1.290850   0.9987    31.805   4.7228    7.2s
   0.046  0.015  0.800  0.080   1.277179   0.9987    21.273   5.7844    6.4s
