
======================================================================
CPU CASCADE PROVER
  n_half=2, m=20, d0=4, c_target=1.28
  correction(m, n_half=2)=0.102500, effective threshold=1.382500
  L0 compositions: 708,561
  workers: 3 (logical CPUs: 16, effective: 16)
  max refinement levels: 5
======================================================================

[L0 B&B] d=4, m=20, n_half=2.0, compositions=708,561
     correction=0.102500, threshold=1.382500
     0.34s: 371,503 leaves tested (of 708,561 total compositions)
     B&B pruned: 337,058 branches, leaf pruned: 168,542, non-canonical: 101,423
     F post-filter pruned: 49,275
     survivors: 52,263
     Checkpoint saved: ../../data_n2m20_c128_F\checkpoint_L0_survivors.npy (0.00 GB, 52,263 rows)

[L1] d_parent=4 -> d_child=8, 52,263 parents
     Survivor spool: 3.9 GB in-RAM (122,720,760 rows), then disk shards
     (parallel: 3 workers, chunksize=1, numba_threads=1, mmap=0.00 GB)
(CVXPY) May 10 10:28:59 PM: Encountered unexpected exception importing solver GLOP:
RuntimeError('Unrecognized new version of ortools (9.15.6755). Expected < 9.15.0. Please open a feature request on cvxpy to enable support for this version.')
(CVXPY) May 10 10:28:59 PM: Encountered unexpected exception importing solver GLOP:
RuntimeError('Unrecognized new version of ortools (9.15.6755). Expected < 9.15.0. Please open a feature request on cvxpy to enable support for this version.')
(CVXPY) May 10 10:28:59 PM: Encountered unexpected exception importing solver PDLP:
RuntimeError('Unrecognized new version of ortools (9.15.6755). Expected < 9.15.0. Please open a feature request on cvxpy to enable support for this version.')
(CVXPY) May 10 10:28:59 PM: Encountered unexpected exception importing solver PDLP:
RuntimeError('Unrecognized new version of ortools (9.15.6755). Expected < 9.15.0. Please open a feature request on cvxpy to enable support for this version.')
(CVXPY) May 10 10:28:59 PM: Encountered unexpected exception importing solver GLOP:
RuntimeError('Unrecognized new version of ortools (9.15.6755). Expected < 9.15.0. Please open a feature request on cvxpy to enable support for this version.')
(CVXPY) May 10 10:28:59 PM: Encountered unexpected exception importing solver PDLP:
RuntimeError('Unrecognized new version of ortools (9.15.6755). Expected < 9.15.0. Please open a feature request on cvxpy to enable support for this version.')
C:\Users\andre\OneDrive - PennO365\Desktop\compact_sidon\cloninger-steinerberger\cpu\cascade_opts.py:532: FutureWarning: 
    You didn't specify the order of the reshape expression. The default order
    used in CVXPY is Fortran ('F') order. This default will change to match NumPy's
    default order ('C') in a future version of CVXPY.
    To suppress this warning, please specify the order explicitly.
    
  Y = cp.bmat([[ones_11, cp.reshape(x, (1, d_parent))],
C:\Users\andre\OneDrive - PennO365\Desktop\compact_sidon\cloninger-steinerberger\cpu\cascade_opts.py:533: FutureWarning: 
    You didn't specify the order of the reshape expression. The default order
    used in CVXPY is Fortran ('F') order. This default will change to match NumPy's
    default order ('C') in a future version of CVXPY.
    To suppress this warning, please specify the order explicitly.
    
  [cp.reshape(x, (d_parent, 1)), X]])
C:\Users\andre\OneDrive - PennO365\Desktop\compact_sidon\cloninger-steinerberger\cpu\cascade_opts.py:532: FutureWarning: 
    You didn't specify the order of the reshape expression. The default order
    used in CVXPY is Fortran ('F') order. This default will change to match NumPy's
    default order ('C') in a future version of CVXPY.
    To suppress this warning, please specify the order explicitly.
    
  Y = cp.bmat([[ones_11, cp.reshape(x, (1, d_parent))],
C:\Users\andre\OneDrive - PennO365\Desktop\compact_sidon\cloninger-steinerberger\cpu\cascade_opts.py:533: FutureWarning: 
    You didn't specify the order of the reshape expression. The default order
    used in CVXPY is Fortran ('F') order. This default will change to match NumPy's
    default order ('C') in a future version of CVXPY.
    To suppress this warning, please specify the order explicitly.
    
  [cp.reshape(x, (d_parent, 1)), X]])
C:\Users\andre\OneDrive - PennO365\Desktop\compact_sidon\cloninger-steinerberger\cpu\cascade_opts.py:532: FutureWarning: 
    You didn't specify the order of the reshape expression. The default order
    used in CVXPY is Fortran ('F') order. This default will change to match NumPy's
    default order ('C') in a future version of CVXPY.
    To suppress this warning, please specify the order explicitly.
    
  Y = cp.bmat([[ones_11, cp.reshape(x, (1, d_parent))],
C:\Users\andre\OneDrive - PennO365\Desktop\compact_sidon\cloninger-steinerberger\cpu\cascade_opts.py:533: FutureWarning: 
    You didn't specify the order of the reshape expression. The default order
    used in CVXPY is Fortran ('F') order. This default will change to match NumPy's
    default order ('C') in a future version of CVXPY.
    To suppress this warning, please specify the order explicitly.
    
  [cp.reshape(x, (d_parent, 1)), X]])
C:\Users\andre\OneDrive - PennO365\Desktop\compact_sidon\cloninger-steinerberger\cpu\cascade_opts.py:567: UserWarning: Solution may be inaccurate. Try another solver, adjusting the solver settings, or solve with verbose=True for more information.
  prob.solve(solver=cp.SCS, verbose=False, max_iters=10000, eps=1e-8)
C:\Users\andre\OneDrive - PennO365\Desktop\compact_sidon\cloninger-steinerberger\cpu\cascade_opts.py:567: UserWarning: Solution may be inaccurate. Try another solver, adjusting the solver settings, or solve with verbose=True for more information.
  prob.solve(solver=cp.SCS, verbose=False, max_iters=10000, eps=1e-8)
C:\Users\andre\OneDrive - PennO365\Desktop\compact_sidon\cloninger-steinerberger\cpu\cascade_opts.py:567: UserWarning: Solution may be inaccurate. Try another solver, adjusting the solver settings, or solve with verbose=True for more information.
  prob.solve(solver=cp.SCS, verbose=False, max_iters=10000, eps=1e-8)
     [4/52263] (0.0%) 14,743 survivors so far, shards=0, ETA 25.10h
     [10/52263] (0.0%) 66,826 survivors so far, shards=0, ETA 18.13h
     [14/52263] (0.0%) 104,244 survivors so far, shards=0, ETA 18.69h
     [17/52263] (0.0%) 194,956 survivors so far, shards=0, ETA 23.26h
     [21/52263] (0.0%) 229,504 survivors so far, shards=0, ETA 22.42h
     [23/52263] (0.0%) 342,765 survivors so far, shards=0, ETA 31.87h
     [26/52263] (0.0%) 994,786 survivors so far, shards=0, ETA 31.42h
     [29/52263] (0.1%) 1,860,339 survivors so far, shards=0, ETA 42.78h
