(CVXPY) May 11 07:22:20 PM: Encountered unexpected exception importing solver GLOP:
RuntimeError('Unrecognized new version of ortools (9.15.6755). Expected < 9.15.0. Please open a feature request on cvxpy to enable support for this version.')
(CVXPY) May 11 07:22:20 PM: Encountered unexpected exception importing solver PDLP:
RuntimeError('Unrecognized new version of ortools (9.15.6755). Expected < 9.15.0. Please open a feature request on cvxpy to enable support for this version.')
============================================================================
Cohn--Elkies N-scale arcsine certifier v5
  delta_1 (fixed) = 0.1380   u = 0.6380
  n_modes (G QP) = 119     PREC = 256 bits
  XI_MAX (sweep) = 10000    XI_MAX (best) = 100000
============================================================================

[Reference] 2-scale v3 best: (d_2=0.046, l_1=0.85)
  deltas  = [0.138, 0.046]
  lambdas = [0.85, 0.15]
  XI_MAX  = 10000  prec = 256
  k_1 ~ 0.9213248838
  min_G >= 0.999100  G2=True  (0.3s)
  S_1 <= 31.7805
  K_2 in [4.744264, 4.751457]  tail<=7.19e-03  (1.0s)
  M_cert >= 1.28952989
  -> rigorous M_cert = 1.289530

============================================================================
3-SCALE SWEEP
============================================================================
  Testing 60 3-scale configurations...
      d2     d3    l1    l2    l3     M_cert    minG      S1    K2hi
   0.040  0.025  0.85  0.10  0.05   1.289627  0.9991  27.907  4.9488  (2.8s) *
   0.040  0.025  0.80  0.10  0.10   1.284989  0.9991  23.384  5.3815  (3.4s)
   0.040  0.025  0.85  0.07  0.08   1.288809  0.9991  27.022  5.0206  (3.3s)
   0.040  0.025  0.78  0.15  0.07   1.284700  0.9991  22.919  5.4311  (3.6s)
   0.040  0.025  0.82  0.12  0.06   1.288023  0.9991  25.396  5.1494  (3.1s)
   0.040  0.030  0.85  0.10  0.05   1.289456  0.9991  28.688  4.9073  (3.3s)
   0.040  0.030  0.80  0.10  0.10   1.286040  0.9991  24.261  5.2821  (2.9s)
   0.040  0.030  0.85  0.07  0.08   1.289156  0.9991  28.065  4.9493  (3.6s)
   0.040  0.030  0.78  0.15  0.07   1.285062  0.9991  23.561  5.3641  (3.3s)
   0.040  0.030  0.82  0.12  0.06   1.288089  0.9991  26.120  5.0962  (3.6s)
   0.040  0.070  0.85  0.10  0.05   1.290292  0.9991  32.260  4.7151  (3.0s) *
   0.040  0.070  0.80  0.10  0.10   1.290795  0.9991  29.144  4.8548  (3.5s) *
   0.040  0.070  0.85  0.07  0.08   1.290157  0.9991  34.074  4.6442  (2.8s)
   0.040  0.070  0.78  0.15  0.07   1.289373  0.9991  26.401  5.0494  (3.4s)
   0.040  0.070  0.82  0.12  0.06   1.290394  0.9991  29.409  4.8488  (3.0s)
   0.040  0.090  0.85  0.10  0.05   1.289847  0.9990  33.716  4.6641  (3.5s)
   0.040  0.090  0.80  0.10  0.10   1.290518  0.9991  31.432  4.7472  (3.1s)
   0.040  0.090  0.85  0.07  0.08   1.289354  0.9990  36.731  4.5660  (3.4s)
   0.040  0.090  0.78  0.15  0.07   1.289422  0.9991  27.665  4.9675  (2.8s)
   0.040  0.090  0.82  0.12  0.06   1.290118  0.9991  30.815  4.7839  (3.4s)
   0.046  0.025  0.85  0.10  0.05   1.290457  0.9991  28.817  4.8795  (3.6s)
   0.046  0.025  0.80  0.10  0.10   1.286582  0.9991  23.917  5.2984  (3.6s)
   0.046  0.025  0.85  0.07  0.08   1.289536  0.9991  27.596  4.9694  (3.3s)
   0.046  0.025  0.78  0.15  0.07   1.287054  0.9991  23.684  5.3078  (3.4s)
   0.046  0.025  0.82  0.12  0.06   1.289462  0.9991  26.224  5.0594  (3.6s)
   0.046  0.030  0.85  0.10  0.05   1.290422  0.9991  29.584  4.8392  (3.5s)
   0.046  0.030  0.80  0.10  0.10   1.287785  0.9991  24.783  5.2011  (3.5s)
   0.046  0.030  0.85  0.07  0.08   1.290015  0.9991  28.624  4.8993  (2.9s)
   0.046  0.030  0.78  0.15  0.07   1.287584  0.9991  24.312  5.2431  (3.4s)
   0.046  0.030  0.82  0.12  0.06   1.289683  0.9991  26.933  5.0078  (2.9s)
   0.046  0.070  0.85  0.10  0.05   1.289732  0.9991  33.939  4.6578  (3.5s)
   0.046  0.070  0.80  0.10  0.10   1.290276  0.9991  30.509  4.7956  (2.9s)
   0.046  0.070  0.85  0.07  0.08   1.289298  0.9991  35.569  4.6064  (3.9s)
   0.046  0.070  0.78  0.15  0.07   1.289791  0.9991  27.810  4.9512  (5.0s)
   0.046  0.070  0.82  0.12  0.06   1.290178  0.9991  30.959  4.7761  (4.0s)
   0.046  0.090  0.85  0.10  0.05   1.289763  0.9991  35.277  4.6076  (3.3s)
   0.046  0.090  0.80  0.10  0.10   1.290739  0.9991  32.651  4.6896  (3.4s)
   0.046  0.090  0.85  0.07  0.08   1.289041  0.9990  38.101  4.5291  (3.3s)
   0.046  0.090  0.78  0.15  0.07   1.290522  0.9991  28.946  4.8711  (3.4s)
   0.046  0.090  0.82  0.12  0.06   1.290484  0.9991  32.235  4.7123  (3.7s)
   0.055  0.025  0.85  0.10  0.05   1.290845  0.9991  30.251  4.7967  (2.9s) *
   0.055  0.025  0.80  0.10  0.10   1.287939  0.9991  24.754  5.1999  (3.1s)
   0.055  0.025  0.85  0.07  0.08   1.290046  0.9991  28.457  4.9080  (3.8s)
   0.055  0.025  0.78  0.15  0.07   1.289008  0.9991  24.932  5.1626  (4.1s)
   0.055  0.025  0.82  0.12  0.06   1.290478  0.9991  27.548  4.9525  (4.7s)
   0.055  0.030  0.85  0.10  0.05   1.290851  0.9991  31.063  4.7576  (4.2s) *
   0.055  0.030  0.80  0.10  0.10   1.289341  0.9991  25.611  5.1050  (3.5s)
   0.055  0.030  0.85  0.07  0.08   1.290660  0.9991  29.486  4.8393  (4.5s)
   0.055  0.030  0.78  0.15  0.07   1.289639  0.9991  25.585  5.1004  (3.8s)
   0.055  0.030  0.82  0.12  0.06   1.290769  0.9991  28.290  4.9027  (3.7s)
   0.055  0.070  0.85  0.10  0.05   1.287731  0.9990  37.015  4.5884  (3.6s)
   0.055  0.070  0.80  0.10  0.10   1.288499  0.9991  32.901  4.7238  (4.2s)
   0.055  0.070  0.85  0.07  0.08   1.287552  0.9990  38.028  4.5601  (3.2s)
   0.055  0.070  0.78  0.15  0.07   1.288243  0.9991  30.570  4.8342  (3.0s)
   0.055  0.070  0.82  0.12  0.06   1.288288  0.9991  33.883  4.6885  (3.1s)
   0.055  0.090  0.85  0.10  0.05   1.288403  0.9990  38.174  4.5392  (4.1s)
   0.055  0.090  0.80  0.10  0.10   1.289923  0.9991  34.847  4.6200  (3.0s)
   0.055  0.090  0.85  0.07  0.08   1.287959  0.9990  40.425  4.4840  (3.1s)
   0.055  0.090  0.78  0.15  0.07   1.289984  0.9991  31.471  4.7562  (3.1s)
   0.055  0.090  0.82  0.12  0.06   1.289403  0.9991  34.952  4.6263  (3.8s)

============================================================================
4-SCALE SWEEP
============================================================================
      d2     d3     d4                lambdas     M_cert    minG      S1    K2hi
   0.046  0.025  0.080  (0.82,0.10,0.04,0.04)   1.291003  0.9991  28.393  4.8919  (4.2s) *
   0.046  0.025  0.090  (0.80,0.10,0.05,0.05)   1.290875  0.9991  27.191  4.9662  (4.1s)
   0.046  0.020  0.070  (0.83,0.10,0.04,0.03)   1.290782  0.9991  27.848  4.9281  (3.8s)
   0.046  0.030  0.075  (0.80,0.10,0.05,0.05)   1.290686  0.9991  27.255  4.9662  (4.5s)
   0.050  0.025  0.080  (0.80,0.10,0.05,0.05)   1.290844  0.9991  27.423  4.9524  (3.6s)
   0.040  0.025  0.070  (0.82,0.08,0.05,0.05)   1.290468  0.9991  27.131  4.9785  (4.6s)

============================================================================
Re-certify BEST at XI_MAX=100000: 4sc d=(0.046,0.025,0.08) l=(0.82,0.10,0.04,0.04)
============================================================================
  deltas  = [0.138, 0.046, 0.025, 0.08]
  lambdas = [0.82, 0.1, 0.04, 0.04]
  XI_MAX  = 100000  prec = 256
  k_1 ~ 0.9231949868
  min_G >= 0.999111  G2=True  (0.5s)
  S_1 <= 28.3928
  K_2 in [4.883688, 4.884534]  tail<=8.46e-04  (16.3s)
  M_cert >= 1.29135998

============================================================================
FINAL SUMMARY
============================================================================
  tag                                                   M_cert     K2hi
  ------------------------------------------------  ----------  -------
  4sc d=(0.046,0.025,0.08) l=(0.82,0.10,0.04,0.04)    1.291360   4.8845
  4sc d=(0.046,0.025,0.08) l=(0.82,0.10,0.04,0.04)    1.291003   4.8919
  4sc d=(0.046,0.025,0.09) l=(0.80,0.10,0.05,0.05)    1.290875   4.9662
  3sc d=(0.055,0.03) l=(0.85,0.1,0.05)                1.290851   4.7576
  3sc d=(0.055,0.025) l=(0.85,0.1,0.05)               1.290845   4.7967
  4sc d=(0.05,0.025,0.08) l=(0.80,0.10,0.05,0.05)     1.290844   4.9524
  3sc d=(0.04,0.07) l=(0.8,0.1,0.1)                   1.290795   4.8548
  4sc d=(0.046,0.02,0.07) l=(0.83,0.10,0.04,0.03)     1.290782   4.9281
  3sc d=(0.055,0.03) l=(0.82,0.12,0.06)               1.290769   4.9027
  3sc d=(0.046,0.09) l=(0.80,0.10,0.10)               1.290739   4.6896
  4sc d=(0.046,0.03,0.075) l=(0.80,0.10,0.05,0.05)    1.290686   4.9662
  3sc d=(0.055,0.03) l=(0.85,0.07,0.08)               1.290660   4.8393
  3sc d=(0.046,0.09) l=(0.78,0.15,0.07)               1.290522   4.8711
  3sc d=(0.04,0.09) l=(0.80,0.10,0.10)                1.290518   4.7472
  3sc d=(0.046,0.09) l=(0.82,0.12,0.06)               1.290484   4.7123

BEST rigorous M_cert: 1.29135998
  tag: 4sc d=(0.046,0.025,0.08) l=(0.82,0.10,0.04,0.04) @xi=100000
  vs v3 (1.28984): +0.001520
  vs v3 ref-here:  +0.001830
============================================================================

Wrote C:\Users\andre\OneDrive - PennO365\Desktop\compact_sidon\_cohn_elkies_128_v5_results.json
