==============================================================================
Cohn--Elkies 3-scale arcsine certifier v6 (N in {500, 1000})
==============================================================================

--- 3-scale N=500 sweep (xi_max=10000, |grid|=47) ---
      d2     d3     l1     l2     M_cert     minG       S_1     K2hi    time
(CVXPY) May 11 09:57:02 PM: Encountered unexpected exception importing solver GLOP:
RuntimeError('Unrecognized new version of ortools (9.15.6755). Expected < 9.15.0. Please open a feature request on cvxpy to enable support for this version.')
(CVXPY) May 11 09:57:02 PM: Encountered unexpected exception importing solver PDLP:
RuntimeError('Unrecognized new version of ortools (9.15.6755). Expected < 9.15.0. Please open a feature request on cvxpy to enable support for this version.')
   0.055  0.020  0.820  0.150   1.292328   0.9980    28.136   4.8756   20.0s *
   0.055  0.020  0.820  0.130   1.292166   0.9980    26.672   4.9681   16.9s
   0.055  0.020  0.820  0.110   1.291089   0.9979    25.516   5.0697   17.6s
   0.055  0.020  0.850  0.120   1.292390   0.9979    30.343   4.7575   17.2s *
   0.055  0.020  0.850  0.100   1.292374   0.9979    28.613   4.8475   19.9s
   0.055  0.020  0.850  0.080   1.291413   0.9979    27.259   4.9465   21.0s
   0.055  0.020  0.880  0.090   1.291834   0.9978    33.103   4.6461   22.9s
   0.055  0.020  0.880  0.070   1.291992   0.9978    31.009   4.7336   26.7s
   0.055  0.020  0.880  0.050   1.291174   0.9978    29.387   4.8301   26.5s
   0.055  0.022  0.820  0.150   1.292275   0.9980    28.375   4.8631   25.2s
   0.055  0.022  0.820  0.130   1.292284   0.9980    26.991   4.9453   27.6s
   0.055  0.022  0.820  0.110   1.291468   0.9980    25.892   5.0351   26.6s
   0.055  0.022  0.850  0.120   1.292309   0.9979    30.629   4.7454   28.3s
   0.055  0.022  0.850  0.100   1.292454   0.9979    28.990   4.8253   25.6s *
   0.055  0.022  0.850  0.080   1.291747   0.9979    27.701   4.9128   25.7s
