
=== d=8, S=16, c_target=1.25 ===
  total processed: 122,661
  grid-pruned:     122,661
  grid-surv:       0  (0.0000%)
  cell-uncertain:  8,104  (6.6068%)
  min_net:         -0.218750
  elapsed:         0.1s

=== d=8, S=24, c_target=1.25 ===
  total processed: 1,315,015
  grid-pruned:     1,314,996
  grid-surv:       19  (0.0014%)
  cell-uncertain:  20,682  (1.5728%)
  min_net:         -0.277778
  elapsed:         0.8s

=== d=10, S=20, c_target=1.25 ===
  total processed: 5,008,003
  grid-pruned:     5,008,002
  grid-surv:       1  (0.0000%)
  cell-uncertain:  165,784  (3.3104%)
  min_net:         -0.258333
  elapsed:         7.1s

=== d=12, S=12, c_target=1.25 ===
  total processed: 676,270
  grid-pruned:     676,270
  grid-surv:       0  (0.0000%)
  cell-uncertain:  261,681  (38.6948%)
  min_net:         -0.559524
  elapsed:         2.0s

=== d=12, S=24, c_target=1.25 ===
  TIME BUDGET REACHED
  total processed: 32,200,000
  grid-pruned:     32,200,000
  grid-surv:       0  (0.0000%)
  cell-uncertain:  0  (0.0000%)
  min_net:         0.010417
  elapsed:         120.3s
  *** PROVEN @ this config: all cells F-certified ***

=== d=16, S=16, c_target=1.25 ===
  TIME BUDGET REACHED
  total processed: 11,200,000
  grid-pruned:     11,200,000
  grid-surv:       0  (0.0000%)
  cell-uncertain:  388,762  (3.4711%)
  min_net:         -0.080000
  elapsed:         122.0s

=== SUMMARY @ c=1.25 ===
  d   S          total grid_surv  uncert%    min_net  elapsed
  8  16        122,661         0  6.6068%    -0.2188     0.1s
  8  24      1,315,015        19  1.5728%    -0.2778     0.8s
 10  20      5,008,003         1  3.3104%    -0.2583     7.1s
 12  12        676,270         0 38.6948%    -0.5595     2.0s
 12  24     32,200,000         0  0.0000%    +0.0104   120.3s
 16  16     11,200,000         0  3.4711%    -0.0800   122.0s
