=== V3 deep sweep starting at Wed Apr 29 08:57:50 2026 ===
  ks = [7]
  Ms = [2.1, 2.12, 2.14, 2.15, 2.16, 2.17, 2.18, 2.19, 2.2]
  epsilon = 0.1, high_prec = False
  existing records: 0

=== (k=7, N=7, M=2.1000) ===
  [2pt] k=7 N=7 M=2.1000  built in 1.0s, blocks=[36, 28, 28, 8, 7, 36, 28, 28, 8, 7]
  [2pt] -> status=optimal, lambda=1.342347783215919, solve 3.7s
  [3pt] k=7 N=7 M=2.1000  built in 15.4s, blocks=[120, 84, 84, 84, 36, 28, 28, 120, 84, 84, 84]
=== V3 deep sweep starting at Wed Apr 29 08:59:09 2026 ===
  ks = [7]
  Ms = [2.1, 2.12, 2.14, 2.15, 2.16, 2.17, 2.18, 2.19, 2.2]
  epsilon = 0.1, high_prec = False
  existing records: 0

=== (k=7, N=7, M=2.1000) ===
  [2pt] k=7 N=7 M=2.1000  built in 0.7s, blocks=[36, 28, 28, 8, 7, 36, 28, 28, 8, 7]
  [2pt] -> status=optimal, lambda=1.342347783215919, solve 3.5s
  [3pt] k=7 N=7 M=2.1000  built in 17.9s, blocks=[120, 84, 84, 84, 36, 28, 28, 120, 84, 84, 84]
  [3pt] -> status=optimal, lambda=1.3533315718664625, solve 53.9s

=== (k=7, N=7, M=2.1200) ===
  [2pt] k=7 N=7 M=2.1200  built in 0.9s, blocks=[36, 28, 28, 8, 7, 36, 28, 28, 8, 7]
  [2pt] -> status=optimal, lambda=1.3177053117964297, solve 3.2s
  [3pt] k=7 N=7 M=2.1200  built in 11.8s, blocks=[120, 84, 84, 84, 36, 28, 28, 120, 84, 84, 84]
  [3pt] -> status=optimal, lambda=1.3347179230648156, solve 62.7s

=== (k=7, N=7, M=2.1400) ===
  [2pt] k=7 N=7 M=2.1400  built in 1.4s, blocks=[36, 28, 28, 8, 7, 36, 28, 28, 8, 7]
  [2pt] -> status=optimal, lambda=1.292829262377312, solve 5.0s
  [3pt] k=7 N=7 M=2.1400  built in 23.9s, blocks=[120, 84, 84, 84, 36, 28, 28, 120, 84, 84, 84]
  [3pt] -> status=optimal, lambda=1.3172919015734503, solve 69.6s

=== (k=7, N=7, M=2.1500) ===
  [2pt] k=7 N=7 M=2.1500  built in 1.1s, blocks=[36, 28, 28, 8, 7, 36, 28, 28, 8, 7]
  [2pt] -> status=optimal, lambda=1.280303572366967, solve 4.7s
  [3pt] k=7 N=7 M=2.1500  built in 21.1s, blocks=[120, 84, 84, 84, 36, 28, 28, 120, 84, 84, 84]
  [3pt] -> status=optimal, lambda=1.3089722161198263, solve 70.6s

=== (k=7, N=7, M=2.1600) ===
  [2pt] k=7 N=7 M=2.1600  built in 1.1s, blocks=[36, 28, 28, 8, 7, 36, 28, 28, 8, 7]
  [2pt] -> status=optimal, lambda=1.2677196350170252, solve 4.2s
  [3pt] k=7 N=7 M=2.1600  built in 18.8s, blocks=[120, 84, 84, 84, 36, 28, 28, 120, 84, 84, 84]
  [3pt] -> status=optimal, lambda=1.3008446284074504, solve 68.4s

=== (k=7, N=7, M=2.1700) ===
  [2pt] k=7 N=7 M=2.1700  built in 1.2s, blocks=[36, 28, 28, 8, 7, 36, 28, 28, 8, 7]
  [2pt] -> status=optimal, lambda=1.255077229581546, solve 4.1s
  [3pt] k=7 N=7 M=2.1700  built in 18.4s, blocks=[120, 84, 84, 84, 36, 28, 28, 120, 84, 84, 84]
  [3pt] -> status=optimal, lambda=1.2928434305756724, solve 66.2s

=== (k=7, N=7, M=2.1800) ===
  [2pt] k=7 N=7 M=2.1800  built in 1.1s, blocks=[36, 28, 28, 8, 7, 36, 28, 28, 8, 7]
  [2pt] -> status=optimal, lambda=1.2423764296973208, solve 3.1s
=== V3 deep sweep starting at Wed Apr 29 09:29:44 2026 ===
  ks = [7]
  Ms = [2.18, 2.19, 2.2]
  epsilon = 0.1, high_prec = False
  existing records: 6

=== (k=7, N=7, M=2.1800) ===
  [2pt] k=7 N=7 M=2.1800  built in 0.8s, blocks=[36, 28, 28, 8, 7, 36, 28, 28, 8, 7]
  [2pt] -> status=optimal, lambda=1.2423764296973208, solve 3.3s
  [3pt] k=7 N=7 M=2.1800  built in 14.1s, blocks=[120, 84, 84, 84, 36, 28, 28, 120, 84, 84, 84]
  [3pt] -> status=optimal, lambda=1.284926074820067, solve 45.8s

=== (k=7, N=7, M=2.1900) ===
  [2pt] k=7 N=7 M=2.1900  built in 1.0s, blocks=[36, 28, 28, 8, 7, 36, 28, 28, 8, 7]
  [2pt] -> status=optimal, lambda=1.2296171799158142, solve 3.2s
  [3pt] k=7 N=7 M=2.1900  built in 15.5s, blocks=[120, 84, 84, 84, 36, 28, 28, 120, 84, 84, 84]
  [3pt] -> status=optimal, lambda=1.2770646400670982, solve 55.5s

=== (k=7, N=7, M=2.2000) ===
  [2pt] k=7 N=7 M=2.2000  built in 1.0s, blocks=[36, 28, 28, 8, 7, 36, 28, 28, 8, 7]
  [2pt] -> status=optimal, lambda=1.2167995950764634, solve 3.1s
  [3pt] k=7 N=7 M=2.2000  built in 12.5s, blocks=[120, 84, 84, 84, 36, 28, 28, 120, 84, 84, 84]
  [3pt] -> status=optimal, lambda=1.2692444265782943, solve 49.1s

=== FINAL SUMMARY ===
  k   N       M     lam2pt     lam3pt   >1.2802?
  7   7  2.1000    1.34235    1.35333          Y
  7   7  2.1200    1.31771    1.33472          Y
  7   7  2.1400    1.29283    1.31729          Y
  7   7  2.1500    1.28030    1.30897          Y
  7   7  2.1600    1.26772    1.30084          Y
  7   7  2.1700    1.25508    1.29284          Y
  7   7  2.1800    1.24238    1.28493          Y
  7   7  2.1900    1.22962    1.27706          N
  7   7  2.2000    1.21680    1.26924          N

=== CROSSOVER M* by k ===
  k=7: max M with lambda3pt >= 1.2802 = 2.18, bracket = (2.18, 2.19), linear M* = 2.186011720466525
=== V3 deep sweep starting at Wed Apr 29 09:33:30 2026 ===
  ks = [8]
  Ms = [2.1, 2.12, 2.14, 2.15, 2.16, 2.17, 2.18, 2.19, 2.2]
  epsilon = 0.1, high_prec = False
  existing records: 9

=== (k=8, N=8, M=2.1000) ===
  [2pt] k=8 N=8 M=2.1000  built in 1.4s, blocks=[45, 36, 36, 9, 8, 45, 36, 36, 9, 8]
  [2pt] -> status=optimal, lambda=1.340252012577185, solve 3.3s
  [3pt] k=8 N=8 M=2.1000  built in 28.8s, blocks=[165, 120, 120, 120, 45, 36, 36, 165, 120, 120, 120]
  [3pt] -> status=optimal, lambda=1.357257577065667, solve 86.0s

=== (k=8, N=8, M=2.1200) ===
  [2pt] k=8 N=8 M=2.1200  built in 1.3s, blocks=[45, 36, 36, 9, 8, 45, 36, 36, 9, 8]
  [2pt] -> status=optimal, lambda=1.3132109919966626, solve 5.1s
  [3pt] k=8 N=8 M=2.1200  built in 24.6s, blocks=[165, 120, 120, 120, 45, 36, 36, 165, 120, 120, 120]
  [3pt] -> status=optimal, lambda=1.338768207119449, solve 96.2s

=== (k=8, N=8, M=2.1400) ===
  [2pt] k=8 N=8 M=2.1400  built in 1.6s, blocks=[45, 36, 36, 9, 8, 45, 36, 36, 9, 8]
  [2pt] -> status=optimal, lambda=1.2859136586340683, solve 5.5s
  [3pt] k=8 N=8 M=2.1400  built in 36.8s, blocks=[165, 120, 120, 120, 45, 36, 36, 165, 120, 120, 120]
  [3pt] -> status=optimal, lambda=1.3209725200441709, solve 143.9s

=== (k=8, N=8, M=2.1500) ===
  [2pt] k=8 N=8 M=2.1500  built in 2.8s, blocks=[45, 36, 36, 9, 8, 45, 36, 36, 9, 8]
  [2pt] -> status=optimal, lambda=1.272168722506259, solve 9.4s
  [3pt] k=8 N=8 M=2.1500  built in 47.2s, blocks=[165, 120, 120, 120, 45, 36, 36, 165, 120, 120, 120]
  [3pt] -> status=optimal, lambda=1.3122116228730338, solve 197.5s

=== (k=8, N=8, M=2.1600) ===
  [2pt] k=8 N=8 M=2.1600  built in 2.3s, blocks=[45, 36, 36, 9, 8, 45, 36, 36, 9, 8]
  [2pt] -> status=optimal, lambda=1.2583600124288383, solve 7.9s
  [3pt] k=8 N=8 M=2.1600  built in 35.1s, blocks=[165, 120, 120, 120, 45, 36, 36, 165, 120, 120, 120]
  [3pt] -> status=optimal, lambda=1.3035045993818148, solve 150.4s

=== (k=8, N=8, M=2.1700) ===
  [2pt] k=8 N=8 M=2.1700  built in 2.7s, blocks=[45, 36, 36, 9, 8, 45, 36, 36, 9, 8]
  [2pt] -> status=optimal, lambda=1.2444870719185266, solve 8.2s
  [3pt] k=8 N=8 M=2.1700  built in 46.4s, blocks=[165, 120, 120, 120, 45, 36, 36, 165, 120, 120, 120]
  [3pt] -> status=optimal, lambda=1.2948839977210607, solve 170.8s

=== (k=8, N=8, M=2.1800) ===
  [2pt] k=8 N=8 M=2.1800  built in 1.9s, blocks=[45, 36, 36, 9, 8, 45, 36, 36, 9, 8]
  [2pt] -> status=optimal, lambda=1.2305499116213554, solve 8.0s
  [3pt] k=8 N=8 M=2.1800  built in 52.9s, blocks=[165, 120, 120, 120, 45, 36, 36, 165, 120, 120, 120]
  [3pt] -> status=optimal, lambda=1.2863403065208427, solve 161.1s

=== (k=8, N=8, M=2.1900) ===
  [2pt] k=8 N=8 M=2.1900  built in 3.5s, blocks=[45, 36, 36, 9, 8, 45, 36, 36, 9, 8]
  [2pt] -> status=optimal, lambda=1.2165489561977976, solve 9.9s
  [3pt] k=8 N=8 M=2.1900  built in 47.2s, blocks=[165, 120, 120, 120, 45, 36, 36, 165, 120, 120, 120]
  [3pt] -> status=optimal, lambda=1.2778421838244642, solve 145.1s

=== (k=8, N=8, M=2.2000) ===
  [2pt] k=8 N=8 M=2.2000  built in 2.1s, blocks=[45, 36, 36, 9, 8, 45, 36, 36, 9, 8]
  [2pt] -> status=optimal, lambda=1.2024837810047102, solve 7.5s
  [3pt] k=8 N=8 M=2.2000  built in 40.6s, blocks=[165, 120, 120, 120, 45, 36, 36, 165, 120, 120, 120]
  [3pt] -> status=optimal, lambda=1.2693795202941494, solve 201.9s

=== FINAL SUMMARY ===
  k   N       M     lam2pt     lam3pt   >1.2802?
  7   7  2.1000    1.34235    1.35333          Y
  7   7  2.1200    1.31771    1.33472          Y
  7   7  2.1400    1.29283    1.31729          Y
  7   7  2.1500    1.28030    1.30897          Y
  7   7  2.1600    1.26772    1.30084          Y
  7   7  2.1700    1.25508    1.29284          Y
  7   7  2.1800    1.24238    1.28493          Y
  7   7  2.1900    1.22962    1.27706          N
  7   7  2.2000    1.21680    1.26924          N
  8   8  2.1000    1.34025    1.35726          Y
  8   8  2.1200    1.31321    1.33877          Y
  8   8  2.1400    1.28591    1.32097          Y
  8   8  2.1500    1.27217    1.31221          Y
  8   8  2.1600    1.25836    1.30350          Y
  8   8  2.1700    1.24449    1.29488          Y
  8   8  2.1800    1.23055    1.28634          Y
  8   8  2.1900    1.21655    1.27784          N
  8   8  2.2000    1.20248    1.26938          N

=== CROSSOVER M* by k ===
  k=7: max M with lambda3pt >= 1.2802 = 2.18, bracket = (2.18, 2.19), linear M* = 2.186011720466525
  k=8: max M with lambda3pt >= 1.2802 = 2.18, bracket = (2.18, 2.19), linear M* = 2.1872254858399014
=== V3 deep sweep starting at Wed Apr 29 10:07:35 2026 ===
  ks = [9]
  Ms = [2.1, 2.14, 2.16, 2.18, 2.19, 2.2]
  epsilon = 0.1, high_prec = False
  existing records: 18

=== (k=9, N=9, M=2.1000) ===
  [2pt] k=9 N=9 M=2.1000  built in 5.1s, blocks=[55, 45, 45, 10, 9, 55, 45, 45, 10, 9]
  [2pt] -> status=optimal, lambda=1.3366485422768104, solve 17.7s
  [3pt] k=9 N=9 M=2.1000  built in 104.0s, blocks=[220, 165, 165, 165, 55, 45, 45, 220, 165, 165, 165]
  [3pt] -> status=optimal, lambda=1.359149064455291, solve 360.7s

=== (k=9, N=9, M=2.1400) ===
  [2pt] k=9 N=9 M=2.1400  built in 2.9s, blocks=[55, 45, 45, 10, 9, 55, 45, 45, 10, 9]
  [2pt] -> status=optimal, lambda=1.2778220484083815, solve 11.0s
  [3pt] k=9 N=9 M=2.1400  built in 74.9s, blocks=[220, 165, 165, 165, 55, 45, 45, 220, 165, 165, 165]
  [3pt] -> status=optimal, lambda=1.3208085044210192, solve 408.9s

=== (k=9, N=9, M=2.1600) ===
  [2pt] k=9 N=9 M=2.1600  built in 5.6s, blocks=[55, 45, 45, 10, 9, 55, 45, 45, 10, 9]
  [2pt] -> status=optimal, lambda=1.2479925731389214, solve 20.1s
  [3pt] k=9 N=9 M=2.1600  built in 75.4s, blocks=[220, 165, 165, 165, 55, 45, 45, 220, 165, 165, 165]
  [3pt] -> status=optimal, lambda=1.3023679495770788, solve 138.1s

=== (k=9, N=9, M=2.1800) ===
  [2pt] k=9 N=9 M=2.1800  built in 0.8s, blocks=[55, 45, 45, 10, 9, 55, 45, 45, 10, 9]
  [2pt] -> status=optimal, lambda=1.2178855974274458, solve 2.6s
  [3pt] k=9 N=9 M=2.1800  built in 20.9s, blocks=[220, 165, 165, 165, 55, 45, 45, 220, 165, 165, 165]
  [3pt] -> status=optimal, lambda=1.2841880679736157, solve 75.7s

=== (k=9, N=9, M=2.1900) ===
  [2pt] k=9 N=9 M=2.1900  built in 0.7s, blocks=[55, 45, 45, 10, 9, 55, 45, 45, 10, 9]
  [2pt] -> status=optimal, lambda=1.2027280783702148, solve 2.5s
  [3pt] k=9 N=9 M=2.1900  built in 18.9s, blocks=[220, 165, 165, 165, 55, 45, 45, 220, 165, 165, 165]
  [3pt] -> status=optimal, lambda=1.2751614817060768, solve 70.7s

=== (k=9, N=9, M=2.2000) ===
  [2pt] k=9 N=9 M=2.2000  built in 0.7s, blocks=[55, 45, 45, 10, 9, 55, 45, 45, 10, 9]
  [2pt] -> status=optimal, lambda=1.1875011729246598, solve 2.5s
  [3pt] k=9 N=9 M=2.2000  built in 21.4s, blocks=[220, 165, 165, 165, 55, 45, 45, 220, 165, 165, 165]
  [3pt] -> status=optimal, lambda=1.2661733808426836, solve 76.8s

=== FINAL SUMMARY ===
  k   N       M     lam2pt     lam3pt   >1.2802?
  7   7  2.1000    1.34235    1.35333          Y
  7   7  2.1200    1.31771    1.33472          Y
  7   7  2.1400    1.29283    1.31729          Y
  7   7  2.1500    1.28030    1.30897          Y
  7   7  2.1600    1.26772    1.30084          Y
  7   7  2.1700    1.25508    1.29284          Y
  7   7  2.1800    1.24238    1.28493          Y
  7   7  2.1900    1.22962    1.27706          N
  7   7  2.2000    1.21680    1.26924          N
  8   8  2.1000    1.34025    1.35726          Y
  8   8  2.1200    1.31321    1.33877          Y
  8   8  2.1400    1.28591    1.32097          Y
  8   8  2.1500    1.27217    1.31221          Y
  8   8  2.1600    1.25836    1.30350          Y
  8   8  2.1700    1.24449    1.29488          Y
  8   8  2.1800    1.23055    1.28634          Y
  8   8  2.1900    1.21655    1.27784          N
  8   8  2.2000    1.20248    1.26938          N
  9   9  2.1000    1.33665    1.35915          Y
  9   9  2.1400    1.27782    1.32081          Y
  9   9  2.1600    1.24799    1.30237          Y
  9   9  2.1800    1.21789    1.28419          Y
  9   9  2.1900    1.20273    1.27516          N
  9   9  2.2000    1.18750    1.26617          N

=== CROSSOVER M* by k ===
  k=7: max M with lambda3pt >= 1.2802 = 2.18, bracket = (2.18, 2.19), linear M* = 2.186011720466525
  k=8: max M with lambda3pt >= 1.2802 = 2.18, bracket = (2.18, 2.19), linear M* = 2.1872254858399014
  k=9: max M with lambda3pt >= 1.2802 = 2.18, bracket = (2.18, 2.19), linear M* = 2.1844181353342376
=== V3 deep sweep starting at Wed Apr 29 10:33:31 2026 ===
  ks = [7]
  Ms = [2.183, 2.185, 2.187]
  epsilon = 0.1, high_prec = False
  existing records: 24

=== (k=7, N=7, M=2.1830) ===
  [2pt] k=7 N=7 M=2.1830  built in 0.4s, blocks=[36, 28, 28, 8, 7, 36, 28, 28, 8, 7]
  [2pt] -> status=optimal, lambda=1.2385547444493006, solve 1.3s
  [3pt] k=7 N=7 M=2.1830  built in 5.9s, blocks=[120, 84, 84, 84, 36, 28, 28, 120, 84, 84, 84]
  [3pt] -> status=optimal, lambda=1.282562286010443, solve 18.0s

=== (k=7, N=7, M=2.1850) ===
  [2pt] k=7 N=7 M=2.1850  built in 0.3s, blocks=[36, 28, 28, 8, 7, 36, 28, 28, 8, 7]
  [2pt] -> status=optimal, lambda=1.2360041318141557, solve 1.0s
  [3pt] k=7 N=7 M=2.1850  built in 5.0s, blocks=[120, 84, 84, 84, 36, 28, 28, 120, 84, 84, 84]
  [3pt] -> status=optimal, lambda=1.2809895602588794, solve 18.5s

=== (k=7, N=7, M=2.1870) ===
  [2pt] k=7 N=7 M=2.1870  built in 0.3s, blocks=[36, 28, 28, 8, 7, 36, 28, 28, 8, 7]
  [2pt] -> status=optimal, lambda=1.23345112504754, solve 1.0s
  [3pt] k=7 N=7 M=2.1870  built in 4.6s, blocks=[120, 84, 84, 84, 36, 28, 28, 120, 84, 84, 84]
  [3pt] -> status=optimal, lambda=1.2794175938351626, solve 17.7s

=== FINAL SUMMARY ===
  k   N       M     lam2pt     lam3pt   >1.2802?
  7   7  2.1000    1.34235    1.35333          Y
  7   7  2.1200    1.31771    1.33472          Y
  7   7  2.1400    1.29283    1.31729          Y
  7   7  2.1500    1.28030    1.30897          Y
  7   7  2.1600    1.26772    1.30084          Y
  7   7  2.1700    1.25508    1.29284          Y
  7   7  2.1800    1.24238    1.28493          Y
  7   7  2.1830    1.23855    1.28256          Y
  7   7  2.1850    1.23600    1.28099          Y
  7   7  2.1870    1.23345    1.27942          N
  7   7  2.1900    1.22962    1.27706          N
  7   7  2.2000    1.21680    1.26924          N
  8   8  2.1000    1.34025    1.35726          Y
  8   8  2.1200    1.31321    1.33877          Y
  8   8  2.1400    1.28591    1.32097          Y
  8   8  2.1500    1.27217    1.31221          Y
  8   8  2.1600    1.25836    1.30350          Y
  8   8  2.1700    1.24449    1.29488          Y
  8   8  2.1800    1.23055    1.28634          Y
  8   8  2.1900    1.21655    1.27784          N
  8   8  2.2000    1.20248    1.26938          N
  9   9  2.1000    1.33665    1.35915          Y
  9   9  2.1400    1.27782    1.32081          Y
  9   9  2.1600    1.24799    1.30237          Y
  9   9  2.1800    1.21789    1.28419          Y
  9   9  2.1900    1.20273    1.27516          N
  9   9  2.2000    1.18750    1.26617          N

=== CROSSOVER M* by k ===
  k=7: max M with lambda3pt >= 1.2802 = 2.185, bracket = (2.185, 2.187), linear M* = 2.186004551047614
  k=8: max M with lambda3pt >= 1.2802 = 2.18, bracket = (2.18, 2.19), linear M* = 2.1872254858399014
  k=9: max M with lambda3pt >= 1.2802 = 2.18, bracket = (2.18, 2.19), linear M* = 2.1844181353342376
=== V3 deep sweep starting at Wed Apr 29 10:34:58 2026 ===
  ks = [10]
  Ms = [2.1, 2.18, 2.19]
  epsilon = 0.1, high_prec = True
  existing records: 27

=== (k=10, N=10, M=2.1000) ===
  [2pt] k=10 N=10 M=2.1000  built in 1.3s, blocks=[66, 55, 55, 11, 10, 66, 55, 55, 11, 10]
  [2pt] -> status=optimal, lambda=1.3320266254380546, solve 5.1s
  [3pt] k=10 N=10 M=2.1000  built in 39.0s, blocks=[286, 220, 220, 220, 66, 55, 55, 286, 220, 220, 220]
  [3pt] -> status=optimal, lambda=1.3602245536596826, solve 146.6s

=== (k=10, N=10, M=2.1800) ===
  [2pt] k=10 N=10 M=2.1800  built in 1.2s, blocks=[66, 55, 55, 11, 10, 66, 55, 55, 11, 10]
  [2pt] -> status=optimal, lambda=1.2047827370434876, solve 3.9s
  [3pt] k=10 N=10 M=2.1800  built in 31.2s, blocks=[286, 220, 220, 220, 66, 55, 55, 286, 220, 220, 220]
  [3pt] -> status=optimal, lambda=1.2808621146243233, solve 145.0s

=== (k=10, N=10, M=2.1900) ===
  [2pt] k=10 N=10 M=2.1900  built in 1.1s, blocks=[66, 55, 55, 11, 10, 66, 55, 55, 11, 10]
  [2pt] -> status=optimal, lambda=1.188543016960952, solve 3.9s
  [3pt] k=10 N=10 M=2.1900  built in 34.3s, blocks=[286, 220, 220, 220, 66, 55, 55, 286, 220, 220, 220]
  [3pt] -> status=optimal, lambda=1.2711892233027247, solve 130.0s

=== FINAL SUMMARY ===
  k   N       M     lam2pt     lam3pt   >1.2802?
  7   7  2.1000    1.34235    1.35333          Y
  7   7  2.1200    1.31771    1.33472          Y
  7   7  2.1400    1.29283    1.31729          Y
  7   7  2.1500    1.28030    1.30897          Y
  7   7  2.1600    1.26772    1.30084          Y
  7   7  2.1700    1.25508    1.29284          Y
  7   7  2.1800    1.24238    1.28493          Y
  7   7  2.1830    1.23855    1.28256          Y
  7   7  2.1850    1.23600    1.28099          Y
  7   7  2.1870    1.23345    1.27942          N
  7   7  2.1900    1.22962    1.27706          N
  7   7  2.2000    1.21680    1.26924          N
  8   8  2.1000    1.34025    1.35726          Y
  8   8  2.1200    1.31321    1.33877          Y
  8   8  2.1400    1.28591    1.32097          Y
  8   8  2.1500    1.27217    1.31221          Y
  8   8  2.1600    1.25836    1.30350          Y
  8   8  2.1700    1.24449    1.29488          Y
  8   8  2.1800    1.23055    1.28634          Y
  8   8  2.1900    1.21655    1.27784          N
  8   8  2.2000    1.20248    1.26938          N
  9   9  2.1000    1.33665    1.35915          Y
  9   9  2.1400    1.27782    1.32081          Y
  9   9  2.1600    1.24799    1.30237          Y
  9   9  2.1800    1.21789    1.28419          Y
  9   9  2.1900    1.20273    1.27516          N
  9   9  2.2000    1.18750    1.26617          N
 10  10  2.1000    1.33203    1.36022          Y
 10  10  2.1800    1.20478    1.28086          Y
 10  10  2.1900    1.18854    1.27119          N

=== CROSSOVER M* by k ===
  k=7: max M with lambda3pt >= 1.2802 = 2.185, bracket = (2.185, 2.187), linear M* = 2.186004551047614
  k=8: max M with lambda3pt >= 1.2802 = 2.18, bracket = (2.18, 2.19), linear M* = 2.1872254858399014
  k=9: max M with lambda3pt >= 1.2802 = 2.18, bracket = (2.18, 2.19), linear M* = 2.1844181353342376
  k=10: max M with lambda3pt >= 1.2802 = 2.18, bracket = (2.18, 2.19), linear M* = 2.1806845053896606
