==============================================================================
Master K26: N-scale arcsine mixture optimisation
XI_MAX=1200.0, N_XI=80001, DELTA=0.138, U=0.638, N_QP=119
==============================================================================

Sanity: pure DELTA arcsine M_cert = 1.27491
Sanity: 2-scale (0.138, 0.055; 0.9312, 0.0688) M_cert = 1.28005

--- 2-scale re-optimization (high-accuracy grid) ---
2-scale best: M=1.28006 at d2=0.05, lam=[0.936386580848144, 0.06361341915185591]

--- Task 1: 3-component coarse sweep ---
[3c coarse] 675 points, best M=1.28020 at {'d2': 0.05, 'd3': 0.06, 'l1': 0.92, 'l2': 0.029999999999999957, 'l3': 0.05, 'M_cert': 1.2802024931726046}
  time: 3.2s

--- Task 2: 3-component refined ---
[3c refined] 80 grid points, best M=1.28024
  best: d2=0.04, d3=0.055, lam=[0.9305159821012938, 0.014811199897080551, 0.054672818001625635]
  time: 50.5s

BEST 3c: M=1.28024

--- Task 3: 4-component sweep ---
[4c] 12 d4 values, best M=1.28026
  time: 28.3s

BEST 4c: M=1.28026

--- N = 10 grid optimization ---
[N=10] best M=1.28030  time=13.1s
  top atoms (delta, lambda): [(0.138, 0.9238898893761011), (0.058486720264605815, 0.04374384461056966), (0.04719019954466927, 0.018505305663343), (0.07248743341448034, 0.0075796223074069006), (0.03807556523926607, 0.0059271014514741685), (0.02, 0.0003421110413792545), (0.030721393049361955, 1.1397395464905595e-05), (0.11134574665328517, 7.011314684710991e-07)]

BEST N=10: M=1.28030

--- N = 20 grid optimization ---
[N=20] best M=1.28030  time=23.2s
  top atoms (delta, lambda): [(0.138, 0.9255662258595903), (0.055275097474439316, 0.0334114682910458), (0.061189861366633014, 0.02539966101733736), (0.04074550085793895, 0.015622644832010639), (0.030035149932246145, 1.5653112720506827e-14), (0.08300979200821519, 1.3499532499477782e-16), (0.03680693960185311, 1.0613936674023283e-16), (0.07498585945627069, 2.2222282450768318e-17)]

BEST N=20: M=1.28030

--- N = 50 grid optimization ---
[N=50] best M=1.28031  time=23.5s
  top atoms (delta, lambda): [(0.138, 0.9244049075045319), (0.05797662952681013, 0.027115876342895688), (0.05151039217900186, 0.016286804618836578), (0.04399642408950935, 0.013577373881973194), (0.06273237103053803, 0.008507047069073946), (0.05573571731360111, 0.0034919285959109075), (0.06787821933134737, 0.0029407768840243142), (0.0652545909494981, 0.002281459689166504)]

BEST N=50: M=1.28031

--- Coordinate descent N=50 cross-check ---
[CD N=50] final M=1.28029  time=2.6s

==============================================================================
Final best M_cert = 1.280314
Plateau: {'M_2': 1.2800577718693287, 'M_3': 1.2802403001211786, 'M_4': 1.2802552463989405, 'M_10': 1.2802998363643556, 'M_20': 1.2803013177829734, 'M_50': 1.2803139614170218, 'M_50_CD': 1.280286823238329}
Wrote C:\Users\andre\OneDrive - PennO365\Desktop\compact_sidon\_master_k26_n_scale.json
