(CVXPY) May 11 06:16:09 PM: Encountered unexpected exception importing solver GLOP:
RuntimeError('Unrecognized new version of ortools (9.15.6755). Expected < 9.15.0. Please open a feature request on cvxpy to enable support for this version.')
(CVXPY) May 11 06:16:09 PM: Encountered unexpected exception importing solver PDLP:
RuntimeError('Unrecognized new version of ortools (9.15.6755). Expected < 9.15.0. Please open a feature request on cvxpy to enable support for this version.')
C:\Users\andre\OneDrive - PennO365\Desktop\compact_sidon\_K26_full_sweep_reopt.py:58: IntegrationWarning: The maximum number of subdivisions (400) has been achieved.
  If increasing the limit yields no improvement it is advised to analyze 
  the integrand in order to determine the difficulties.  If the position of a 
  local difficulty can be determined (singularity, discontinuity) one will 
  probably gain from splitting up the interval and calling the integrator 
  on the subranges.  Perhaps a special-purpose integrator should be used.
  v2, _ = quad(f, 10.0, np.inf, limit=400, epsabs=1e-14, epsrel=1e-12)
==========================================================================================
AGENT M1: 3-component multi-scale arcsine sweep
  D1 fixed = 0.138,  U = 0.638,  N_QP = 119
  MV baseline = 1.27481, 2-comp baseline = 1.29005
==========================================================================================

Validation (2-comp): d2=0.045, l1=0.85
  k_1=0.92139 K_2=4.7588 S_1=31.4420 min_G=1.00000 M_cert=1.29005
Phase 1: coarse grid
  d_1 fixed = 0.138
  d_2 in [0.015, 0.025, 0.035, 0.045, 0.055, 0.075, 0.1]
  d_3 in [0.015, 0.025, 0.035, 0.045, 0.055, 0.075, 0.1]
  lam_1 in [0.75, 0.8, 0.85]
  lam_2 in [0.05, 0.1, 0.12]
  total = 441 points
==========================================================================================
    d_2     d_3   lam1   lam2   lam3      k_1     K_2       S_1   min_G    M_cert
------------------------------------------------------------------------------------------
 0.0150  0.0250  0.750  0.050  0.200  0.93129  6.4214   18.9192 1.00000   1.26579 *
 0.0150  0.0250  0.750  0.100  0.150  0.93138  6.6307   18.4417 1.00000   1.26145
 0.0150  0.0250  0.750  0.120  0.130  0.93142  6.7257   18.2856 1.00000   1.25927
 0.0150  0.0250  0.800  0.050  0.150  0.92690  5.8490   21.1156 1.00000   1.27563 *
 0.0150  0.0250  0.800  0.100  0.100  0.92700  6.0431   20.5021 1.00000   1.27117
 0.0150  0.0250  0.800  0.120  0.080  0.92704  6.1312   20.3054 1.00000   1.26891
 0.0150  0.0250  0.850  0.050  0.100  0.92252  5.3464   24.2539 1.00000   1.28341 *
 0.0150  0.0250  0.850  0.100  0.050  0.92262  5.5247   23.4196 1.00000   1.27898
 0.0150  0.0250  0.850  0.120  0.030  0.92266  5.6067   23.1640 1.00000   1.27662
 0.0150  0.0350  0.750  0.050  0.200  0.93070  5.8961   20.3177 1.00000   1.27758
 0.0150  0.0350  0.750  0.100  0.150  0.93094  6.1994   19.3628 1.00000   1.27118
 0.0150  0.0350  0.750  0.120  0.130  0.93104  6.3383   19.0560 1.00000   1.26791
 0.0150  0.0350  0.800  0.050  0.150  0.92646  5.4967   22.5522 1.00000   1.28358 *
 0.0150  0.0350  0.800  0.100  0.100  0.92671  5.7831   21.3375 1.00000   1.27719
 0.0150  0.0350  0.800  0.120  0.080  0.92681  5.9152   20.9513 1.00000   1.27385
 0.0150  0.0350  0.850  0.050  0.100  0.92223  5.1396   25.6661 1.00000   1.28772 *
 0.0150  0.0350  0.850  0.100  0.050  0.92247  5.4088   24.0356 1.00000   1.28154
 0.0150  0.0350  0.850  0.120  0.030  0.92257  5.5341   23.5248 1.00000   1.27820
 0.0150  0.0450  0.750  0.050  0.200  0.92991  5.5698   21.6964 1.00000   1.28418
 0.0150  0.0450  0.750  0.100  0.150  0.93035  5.9283   20.1891 1.00000   1.27698
 0.0150  0.0450  0.750  0.120  0.130  0.93053  6.0943   19.7185 1.00000   1.27314
 0.0150  0.0450  0.800  0.050  0.150  0.92587  5.2740   23.9350 1.00000   1.28775 *
 0.0150  0.0450  0.800  0.100  0.100  0.92631  5.6170   22.0533 1.00000   1.28069
 0.0150  0.0450  0.800  0.120  0.080  0.92649  5.7767   21.4758 1.00000   1.27682
 0.0150  0.0450  0.850  0.050  0.100  0.92183  5.0057   26.9807 1.00000   1.28978 *
 0.0150  0.0450  0.850  0.100  0.050  0.92228  5.3330   24.5255 1.00000   1.28302
 0.0150  0.0450  0.850  0.120  0.030  0.92245  5.4865   23.7898 1.00000   1.27918
 0.0150  0.0550  0.750  0.050  0.200  0.92893  5.3406   23.1882 1.00000   1.28769
 0.0150  0.0550  0.750  0.100  0.150  0.92962  5.7376   21.0399 1.00000   1.28034
 0.0150  0.0550  0.750  0.120  0.130  0.92989  5.9223   20.3981 1.00000   1.27619
 0.0150  0.0550  0.800  0.050  0.150  0.92514  5.1159   25.3891 1.00000   1.28973
 0.0150  0.0550  0.800  0.100  0.100  0.92583  5.4989   22.7748 1.00000   1.28257
 0.0150  0.0550  0.800  0.120  0.080  0.92610  5.6779   22.0047 1.00000   1.27844
 0.0150  0.0550  0.850  0.050  0.100  0.92135  4.9089   28.3059 1.00000   1.29056 *
 0.0150  0.0550  0.850  0.100  0.050  0.92203  5.2781   25.0044 1.00000   1.28375
 0.0150  0.0550  0.850  0.120  0.030  0.92231  5.4520   24.0519 1.00000   1.27966
 0.0150  0.0750  0.750  0.050  0.200  0.92641  5.0341   26.1708 1.00000   1.29096 *
 0.0150  0.0750  0.750  0.100  0.150  0.92773  5.4803   22.6724 1.00000   1.28377
 0.0150  0.0750  0.750  0.120  0.130  0.92825  5.6900   21.6744 1.00000   1.27938
 0.0150  0.0750  0.800  0.050  0.150  0.92325  4.8997   28.2217 1.00000   1.29124 *
 0.0150  0.0750  0.800  0.100  0.100  0.92456  5.3366   24.1101 1.00000   1.28436
 0.0150  0.0750  0.800  0.120  0.080  0.92509  5.5425   22.9601 1.00000   1.28002
 0.0150  0.0750  0.850  0.050  0.100  0.92008  4.7744   30.7996 1.00000   1.29076
 0.0150  0.0750  0.850  0.100  0.050  0.92140  5.2020   25.8507 1.00000   1.28431
 0.0150  0.0750  0.850  0.120  0.030  0.92193  5.4041   24.5015 1.00000   1.28007
 0.0150  0.1000  0.750  0.050  0.200  0.92221  4.7890   30.6808 1.00000   1.29032
 0.0150  0.1000  0.750  0.100  0.150  0.92458  5.2751   24.8175 1.00000   1.28453
 0.0150  0.1000  0.750  0.120  0.130  0.92553  5.5047   23.2889 1.00000   1.28031
 0.0150  0.1000  0.800  0.050  0.150  0.92010  4.7243   32.2194 1.00000   1.29005
 0.0150  0.1000  0.800  0.100  0.100  0.92247  5.2054   25.7555 1.00000   1.28447
 0.0150  0.1000  0.800  0.120  0.080  0.92341  5.4330   24.0949 1.00000   1.28030
 0.0150  0.1000  0.850  0.050  0.100  0.91799  4.6629   34.0241 1.00000   1.28943
 0.0150  0.1000  0.850  0.100  0.050  0.92035  5.1390   26.8135 1.00000   1.28414
 0.0150  0.1000  0.850  0.120  0.030  0.92130  5.3647   24.9949 1.00000   1.28005
 0.0250  0.0150  0.750  0.050  0.200  0.93158  7.1639   17.7948 1.00000   1.24879
 0.0250  0.0150  0.750  0.100  0.150  0.93148  6.8789   18.0786 1.00000   1.25565
 0.0250  0.0150  0.750  0.120  0.130  0.93144  6.7752   18.2132 1.00000   1.25811
 0.0250  0.0150  0.800  0.050  0.150  0.92710  6.2748   20.0501 1.00000   1.26506
 0.0250  0.0150  0.800  0.100  0.100  0.92700  6.0431   20.5021 1.00000   1.27117
 0.0250  0.0150  0.800  0.120  0.080  0.92696  5.9609   20.7236 1.00000   1.27318
 0.0250  0.0150  0.850  0.050  0.100  0.92262  5.5247   23.4196 1.00000   1.27898
 0.0250  0.0150  0.850  0.100  0.050  0.92252  5.3464   24.2539 1.00000   1.28341
 0.0250  0.0150  0.850  0.120  0.030  0.92248  5.2857   24.6960 1.00000   1.28448
 0.0250  0.0350  0.750  0.050  0.200  0.93060  5.7451   21.1556 1.00000   1.27951
 0.0250  0.0350  0.750  0.100  0.150  0.93074  5.8492   20.6011 1.00000   1.27802
 0.0250  0.0350  0.750  0.120  0.130  0.93080  5.8950   20.4203 1.00000   1.27713
 0.0250  0.0350  0.800  0.050  0.150  0.92636  5.3564   23.6307 1.00000   1.28529
 0.0250  0.0350  0.800  0.100  0.100  0.92651  5.4538   22.9277 1.00000   1.28386
 0.0250  0.0350  0.800  0.120  0.080  0.92657  5.4969   22.7019 1.00000   1.28295
 0.0250  0.0350  0.850  0.050  0.100  0.92213  5.0096   27.1411 1.00000   1.28912
 0.0250  0.0350  0.850  0.100  0.050  0.92228  5.1004   26.2010 1.00000   1.28779
 0.0250  0.0350  0.850  0.120  0.030  0.92233  5.1408   25.9112 1.00000   1.28687
 0.0250  0.0450  0.750  0.050  0.200  0.92981  5.4309   22.6723 1.00000   1.28587
 0.0250  0.0450  0.750  0.100  0.150  0.93016  5.5962   21.5978 1.00000   1.28353
 0.0250  0.0450  0.750  0.120  0.130  0.93029  5.6697   21.2461 1.00000   1.28211
 0.0250  0.0450  0.800  0.050  0.150  0.92577  5.1426   25.1796 1.00000   1.28921
 0.0250  0.0450  0.800  0.100  0.100  0.92612  5.2998   23.8230 1.00000   1.28703
 0.0250  0.0450  0.800  0.120  0.080  0.92626  5.3700   23.3867 1.00000   1.28564
 0.0250  0.0450  0.850  0.050  0.100  0.92174  4.8817   28.6572 1.00000   1.29092
 0.0250  0.0450  0.850  0.100  0.050  0.92208  5.0307   26.8510 1.00000   1.28900
 0.0250  0.0450  0.850  0.120  0.030  0.92222  5.0976   26.2868 1.00000   1.28764
 0.0250  0.0550  0.750  0.050  0.200  0.92883  5.2105   24.3951 1.00000   1.28890
 0.0250  0.0550  0.750  0.100  0.150  0.92942  5.4174   22.6689 1.00000   1.28646
 0.0250  0.0550  0.750  0.120  0.130  0.92966  5.5101   22.1290 1.00000   1.28479
 0.0250  0.0550  0.800  0.050  0.150  0.92504  4.9904   26.8874 1.00000   1.29079
 0.0250  0.0550  0.800  0.100  0.100  0.92563  5.1893   24.7541 1.00000   1.28857
 0.0250  0.0550  0.800  0.120  0.080  0.92586  5.2787   24.0941 1.00000   1.28695
 0.0250  0.0550  0.850  0.050  0.100  0.92125  4.7889   30.2508 1.00000   1.29136 *
 0.0250  0.0550  0.850  0.100  0.050  0.92183  4.9798   27.4908 1.00000   1.28949
 0.0250  0.0550  0.850  0.120  0.030  0.92207  5.0660   26.6508 1.00000   1.28797
 0.0250  0.0750  0.750  0.050  0.200  0.92631  4.9127   27.7999 1.00000   1.29180 *
 0.0250  0.0750  0.750  0.100  0.150  0.92753  5.1744   24.6431 1.00000   1.28964
 0.0250  0.0750  0.750  0.120  0.130  0.92802  5.2927   23.6940 1.00000   1.28784
 0.0250  0.0750  0.800  0.050  0.150  0.92315  4.7813   30.1798 1.00000   1.29191 *
 0.0250  0.0750  0.800  0.100  0.100  0.92437  5.0368   26.3975 1.00000   1.29011
 0.0250  0.0750  0.800  0.120  0.080  0.92485  5.1525   25.2848 1.00000   1.28840
 0.0250  0.0750  0.850  0.050  0.100  0.91998  4.6591   33.2204 1.00000   1.29123
 0.0250  0.0750  0.850  0.100  0.050  0.92120  4.9083   28.5560 1.00000   1.28990
 0.0250  0.0750  0.850  0.120  0.030  0.92169  5.0215   27.2219 1.00000   1.28832
 0.0250  0.1000  0.750  0.050  0.200  0.92211  4.6743   32.9829 1.00000   1.29094
 0.0250  0.1000  0.750  0.100  0.150  0.92438  4.9793   27.2294 1.00000   1.29028
 0.0250  0.1000  0.750  0.120  0.130  0.92529  5.1178   25.6664 1.00000   1.28871
 0.0250  0.1000  0.800  0.050  0.150  0.92000  4.6109   34.8122 1.00000   1.29057
 0.0250  0.1000  0.800  0.100  0.100  0.92227  4.9123   28.3988 1.00000   1.29014
 0.0250  0.1000  0.800  0.120  0.080  0.92318  5.0494   26.6830 1.00000   1.28864
 0.0250  0.1000  0.850  0.050  0.100  0.91789  4.5510   36.9946 1.00000   1.28981
 0.0250  0.1000  0.850  0.100  0.050  0.92015  4.8489   29.7401 1.00000   1.28969
 0.0250  0.1000  0.850  0.120  0.030  0.92106  4.9845   27.8371 1.00000   1.28828
 0.0350  0.0150  0.750  0.050  0.200  0.93143  6.9947   18.0723 1.00000   1.25218
 0.0350  0.0150  0.750  0.100  0.150  0.93119  6.5655   18.6483 1.00000   1.26244
 0.0350  0.0150  0.750  0.120  0.130  0.93109  6.4116   18.9138 1.00000   1.26615
 0.0350  0.0150  0.800  0.050  0.150  0.92695  6.1323   20.4418 1.00000   1.26822
 0.0350  0.0150  0.800  0.100  0.100  0.92671  5.7831   21.3375 1.00000   1.27719
 0.0350  0.0150  0.800  0.120  0.080  0.92661  5.6610   21.7722 1.00000   1.28012
 0.0350  0.0150  0.850  0.050  0.100  0.92247  5.4088   24.0356 1.00000   1.28154
 0.0350  0.0150  0.850  0.100  0.050  0.92223  5.1396   25.6661 1.00000   1.28772
 0.0350  0.0150  0.850  0.120  0.030  0.92213  5.0496   26.5542 1.00000   1.28903
 0.0350  0.0250  0.750  0.050  0.200  0.93104  6.1015   19.8572 1.00000   1.27218
 0.0350  0.0250  0.750  0.100  0.150  0.93089  5.9680   20.1812 1.00000   1.27552
 0.0350  0.0250  0.750  0.120  0.130  0.93083  5.9187   20.3366 1.00000   1.27662
 0.0350  0.0250  0.800  0.050  0.150  0.92666  5.5660   22.4106 1.00000   1.28128
 0.0350  0.0250  0.800  0.100  0.100  0.92651  5.4538   22.9277 1.00000   1.28386
 0.0350  0.0250  0.800  0.120  0.080  0.92645  5.4131   23.1821 1.00000   1.28458
 0.0350  0.0250  0.850  0.050  0.100  0.92228  5.1004   26.2010 1.00000   1.28779
 0.0350  0.0250  0.850  0.100  0.050  0.92213  5.0096   27.1411 1.00000   1.28912
 0.0350  0.0250  0.850  0.120  0.030  0.92207  4.9774   27.6325 1.00000   1.28920
 0.0350  0.0450  0.750  0.050  0.200  0.92966  5.3490   23.5034 1.00000   1.28610
 0.0350  0.0450  0.750  0.100  0.150  0.92986  5.4141   22.9654 1.00000   1.28540
 0.0350  0.0450  0.750  0.120  0.130  0.92994  5.4423   22.7838 1.00000   1.28493
 0.0350  0.0450  0.800  0.050  0.150  0.92563  5.0655   26.2597 1.00000   1.28921
 0.0350  0.0450  0.800  0.100  0.100  0.92582  5.1271   25.5782 1.00000   1.28858
 0.0350  0.0450  0.800  0.120  0.080  0.92590  5.1540   25.3542 1.00000   1.28810
 0.0350  0.0450  0.850  0.050  0.100  0.92159  4.8093   30.1609 1.00000   1.29058
 0.0350  0.0450  0.850  0.100  0.050  0.92178  4.8675   29.2451 1.00000   1.29005
 0.0350  0.0450  0.850  0.120  0.030  0.92186  4.8930   28.9579 1.00000   1.28957
 0.0350  0.0550  0.750  0.050  0.200  0.92869  5.1335   25.4019 1.00000   1.28887
 0.0350  0.0550  0.750  0.100  0.150  0.92913  5.2427   24.1027 1.00000   1.28852
 0.0350  0.0550  0.750  0.120  0.130  0.92930  5.2903   23.6927 1.00000   1.28794
 0.0350  0.0550  0.800  0.050  0.150  0.92489  4.9170   28.1503 1.00000   1.29061
 0.0350  0.0550  0.800  0.100  0.100  0.92533  5.0216   26.5463 1.00000   1.29036
 0.0350  0.0550  0.800  0.120  0.080  0.92551  5.0674   26.0530 1.00000   1.28978
 0.0350  0.0550  0.850  0.050  0.100  0.92110  4.7190   31.9290 1.00000   1.29095
 0.0350  0.0550  0.850  0.100  0.050  0.92154  4.8191   29.8764 1.00000   1.29080
 0.0350  0.0550  0.850  0.120  0.030  0.92172  4.8631   29.2811 1.00000   1.29017
 0.0350  0.0750  0.750  0.050  0.200  0.92616  4.8417   29.2002 1.00000   1.29142
 0.0350  0.0750  0.750  0.100  0.150  0.92723  5.0089   26.5270 1.00000   1.29102
 0.0350  0.0750  0.750  0.120  0.130  0.92766  5.0824   25.6906 1.00000   1.29027
 0.0350  0.0750  0.800  0.050  0.150  0.92300  4.7125   31.9084 1.00000   1.29132
 0.0350  0.0750  0.800  0.100  0.100  0.92407  4.8752   28.6538 1.00000   1.29124
 0.0350  0.0750  0.800  0.120  0.080  0.92450  4.9471   27.6584 1.00000   1.29056
 0.0350  0.0750  0.850  0.050  0.100  0.91984  4.5923   35.4329 1.00000   1.29039
 0.0350  0.0750  0.850  0.100  0.050  0.92091  4.7507   31.3428 1.00000   1.29068
 0.0350  0.0750  0.850  0.120  0.030  0.92134  4.8209   30.1287 1.00000   1.29009
 0.0350  0.1000  0.750  0.050  0.200  0.92197  4.6079   35.0022 1.00000   1.29038
 0.0350  0.1000  0.750  0.100  0.150  0.92409  4.8202   29.5780 1.00000   1.29150
 0.0350  0.1000  0.750  0.120  0.130  0.92494  4.9144   28.0505 1.00000   1.29101
 0.0350  0.1000  0.800  0.050  0.150  0.91985  4.5453   37.1230 1.00000   1.28989
 0.0350  0.1000  0.800  0.100  0.100  0.92197  4.7550   31.0340 1.00000   1.29118
 0.0350  0.1000  0.800  0.120  0.080  0.92282  4.8482   29.3457 1.00000   1.29073
 0.0350  0.1000  0.850  0.050  0.100  0.91774  4.4863   39.7136 1.00000   1.28896
 0.0350  0.1000  0.850  0.100  0.050  0.91986  4.6934   32.7671 1.00000   1.29043
 0.0350  0.1000  0.850  0.120  0.030  0.92071  4.7854   30.8797 1.00000   1.29003
 0.0450  0.0150  0.750  0.050  0.200  0.93124  6.8869   18.2646 1.00000   1.25437
 0.0450  0.0150  0.750  0.100  0.150  0.93080  6.3674   19.1054 1.00000   1.26664
 0.0450  0.0150  0.750  0.120  0.130  0.93062  6.1821   19.5030 1.00000   1.27107
 0.0450  0.0150  0.800  0.050  0.150  0.92676  6.0404   20.7311 1.00000   1.27020
 0.0450  0.0150  0.800  0.100  0.100  0.92631  5.6170   22.0533 1.00000   1.28069
 0.0450  0.0150  0.800  0.120  0.080  0.92614  5.4702   22.7159 1.00000   1.28402
 0.0450  0.0150  0.850  0.050  0.100  0.92228  5.3330   24.5255 1.00000   1.28302
 0.0450  0.0150  0.850  0.100  0.050  0.92183  5.0057   26.9807 1.00000   1.28978
 0.0450  0.0150  0.850  0.120  0.030  0.92166  4.8973   28.3741 1.00000   1.29093
 0.0450  0.0250  0.750  0.050  0.200  0.93084  6.0056   20.1372 1.00000   1.27432
 0.0450  0.0250  0.750  0.100  0.150  0.93050  5.7878   20.7803 1.00000   1.27956
 0.0450  0.0250  0.750  0.120  0.130  0.93036  5.7080   21.0832 1.00000   1.28132
 0.0450  0.0250  0.800  0.050  0.150  0.92646  5.4832   22.8171 1.00000   1.28306
 0.0450  0.0250  0.800  0.100  0.100  0.92612  5.2998   23.8230 1.00000   1.28703
 0.0450  0.0250  0.800  0.120  0.080  0.92598  5.2338   24.3138 1.00000   1.28815
 0.0450  0.0250  0.850  0.050  0.100  0.92208  5.0307   26.8510 1.00000   1.28900
 0.0450  0.0250  0.850  0.100  0.050  0.92174  4.8817   28.6572 1.00000   1.29092
 0.0450  0.0250  0.850  0.120  0.030  0.92160  4.8294   29.6061 1.00000   1.29098
 0.0450  0.0350  0.750  0.050  0.200  0.93025  5.5675   22.2190 1.00000   1.28202
 0.0450  0.0350  0.750  0.100  0.150  0.93006  5.4869   22.5429 1.00000   1.28402
 0.0450  0.0350  0.750  0.120  0.130  0.92998  5.4569   22.6995 1.00000   1.28465
 0.0450  0.0350  0.800  0.050  0.150  0.92602  5.1965   25.0647 1.00000   1.28717
 0.0450  0.0350  0.800  0.100  0.100  0.92582  5.1271   25.5782 1.00000   1.28858
 0.0450  0.0350  0.800  0.120  0.080  0.92574  5.1015   25.8286 1.00000   1.28893
 0.0450  0.0350  0.850  0.050  0.100  0.92178  4.8675   29.2451 1.00000   1.29005
 0.0450  0.0350  0.850  0.100  0.050  0.92159  4.8093   30.1609 1.00000   1.29058
 0.0450  0.0350  0.850  0.120  0.030  0.92151  4.7882   30.6205 1.00000   1.29051
 0.0450  0.0550  0.750  0.050  0.200  0.92849  5.0798   26.4742 1.00000   1.28788
 0.0450  0.0550  0.750  0.100  0.150  0.92874  5.1255   25.6835 1.00000   1.28831
 0.0450  0.0550  0.750  0.120  0.130  0.92883  5.1452   25.4192 1.00000   1.28828
 0.0450  0.0550  0.800  0.050  0.150  0.92470  4.8657   29.5102 1.00000   1.28945
 0.0450  0.0550  0.800  0.100  0.100  0.92494  4.9096   28.5097 1.00000   1.28997
 0.0450  0.0550  0.800  0.120  0.080  0.92504  4.9284   28.1804 1.00000   1.28997
 0.0450  0.0550  0.850  0.050  0.100  0.92090  4.6703   33.7283 1.00000   1.28964
 0.0450  0.0550  0.850  0.100  0.050  0.92115  4.7122   32.4109 1.00000   1.29024
 0.0450  0.0550  0.850  0.120  0.030  0.92125  4.7303   31.9862 1.00000   1.29026
 0.0450  0.0750  0.750  0.050  0.200  0.92597  4.7925   30.4674 1.00000   1.29066
 0.0450  0.0750  0.750  0.100  0.150  0.92684  4.8984   28.3106 1.00000   1.29106
 0.0450  0.0750  0.750  0.120  0.130  0.92719  4.9443   27.5914 1.00000   1.29089
 0.0450  0.0750  0.800  0.050  0.150  0.92280  4.6646   33.4977 1.00000   1.29039
 0.0450  0.0750  0.800  0.100  0.100  0.92368  4.7676   30.8078 1.00000   1.29108
 0.0450  0.0750  0.800  0.120  0.080  0.92403  4.8124   29.9271 1.00000   1.29100
 0.0450  0.0750  0.850  0.050  0.100  0.91964  4.5457   37.4866 1.00000   1.28928
 0.0450  0.0750  0.850  0.100  0.050  0.92052  4.6460   34.0043 1.00000   1.29033
 0.0450  0.0750  0.850  0.120  0.030  0.92087  4.6896   32.8912 1.00000   1.29036
 0.0450  0.1000  0.750  0.050  0.200  0.92177  4.5616   36.7024 1.00000   1.28975
 0.0450  0.1000  0.750  0.100  0.150  0.92370  4.7144   31.6932 1.00000   1.29170
 0.0450  0.1000  0.750  0.120  0.130  0.92447  4.7811   30.2352 1.00000   1.29179
 0.0450  0.1000  0.800  0.050  0.150  0.91966  4.4998   39.1116 1.00000   1.28915
 0.0450  0.1000  0.800  0.100  0.100  0.92158  4.6505   33.4468 1.00000   1.29120
 0.0450  0.1000  0.800  0.120  0.080  0.92235  4.7164   31.8167 1.00000   1.29133
 0.0450  0.1000  0.850  0.050  0.100  0.91754  4.4414   42.1052 1.00000   1.28805
 0.0450  0.1000  0.850  0.100  0.050  0.91947  4.5902   35.5813 1.00000   1.29023
 0.0450  0.1000  0.850  0.120  0.030  0.92024  4.6553   33.7298 1.00000   1.29039
 0.0550  0.0150  0.750  0.050  0.200  0.93099  6.8104   18.4714 1.00000   1.25559
 0.0550  0.0150  0.750  0.100  0.150  0.93031  6.2273   19.5768 1.00000   1.26908
 0.0550  0.0150  0.750  0.120  0.130  0.93003  6.0202   20.1077 1.00000   1.27392
 0.0550  0.0150  0.800  0.050  0.150  0.92651  5.9748   21.0278 1.00000   1.27127
 0.0550  0.0150  0.800  0.100  0.100  0.92583  5.4989   22.7748 1.00000   1.28257
 0.0550  0.0150  0.800  0.120  0.080  0.92555  5.3343   23.6751 1.00000   1.28608
 0.0550  0.0150  0.850  0.050  0.100  0.92203  5.2781   25.0044 1.00000   1.28375
 0.0550  0.0150  0.850  0.100  0.050  0.92135  4.9089   28.3059 1.00000   1.29056
 0.0550  0.0150  0.850  0.120  0.030  0.92107  4.7875   30.3110 1.00000   1.29129
 0.0550  0.0250  0.750  0.050  0.200  0.93060  5.9370   20.4422 1.00000   1.27542
 0.0550  0.0250  0.750  0.100  0.150  0.93001  5.6595   21.4219 1.00000   1.28173
 0.0550  0.0250  0.750  0.120  0.130  0.92978  5.5586   21.8810 1.00000   1.28383
 0.0550  0.0250  0.800  0.050  0.150  0.92622  5.4234   23.2356 1.00000   1.28393
 0.0550  0.0250  0.800  0.100  0.100  0.92563  5.1893   24.7541 1.00000   1.28857
 0.0550  0.0250  0.800  0.120  0.080  0.92539  5.1055   25.5068 1.00000   1.28981
 0.0550  0.0250  0.850  0.050  0.100  0.92183  4.9798   27.4908 1.00000   1.28949
 0.0550  0.0250  0.850  0.100  0.050  0.92125  4.7889   30.2508 1.00000   1.29136
 0.0550  0.0250  0.850  0.120  0.030  0.92101  4.7224   31.8223 1.00000   1.29101
 0.0550  0.0350  0.750  0.050  0.200  0.93001  5.5038   22.4550 1.00000   1.28368
 0.0550  0.0350  0.750  0.100  0.150  0.92957  5.3661   23.1600 1.00000   1.28669
 0.0550  0.0350  0.750  0.120  0.130  0.92939  5.3150   23.5050 1.00000   1.28758
 0.0550  0.0350  0.800  0.050  0.150  0.92577  5.1405   25.4301 1.00000   1.28846
 0.0550  0.0350  0.800  0.100  0.100  0.92533  5.0216   26.5463 1.00000   1.29036
 0.0550  0.0350  0.800  0.120  0.080  0.92516  4.9780   27.1137 1.00000   1.29069
 0.0550  0.0350  0.850  0.050  0.100  0.92154  4.8191   29.8764 1.00000   1.29080
 0.0550  0.0350  0.850  0.100  0.050  0.92110  4.7190   31.9290 1.00000   1.29095
 0.0550  0.0350  0.850  0.120  0.030  0.92092  4.6830   33.0871 1.00000   1.29029
 0.0550  0.0450  0.750  0.050  0.200  0.92922  5.2315   24.5759 1.00000   1.28731
 0.0550  0.0450  0.750  0.100  0.150  0.92898  5.1761   25.0663 1.00000   1.28808
 0.0550  0.0450  0.750  0.120  0.130  0.92888  5.1553   25.2961 1.00000   1.28824
 0.0550  0.0450  0.800  0.050  0.150  0.92519  4.9582   27.7466 1.00000   1.28978
 0.0550  0.0450  0.800  0.100  0.100  0.92494  4.9096   28.5097 1.00000   1.28997
 0.0550  0.0450  0.800  0.120  0.080  0.92484  4.8914   28.8763 1.00000   1.28986
 0.0550  0.0450  0.850  0.050  0.100  0.92115  4.7122   32.4109 1.00000   1.29024
 0.0550  0.0450  0.850  0.100  0.050  0.92090  4.6703   33.7283 1.00000   1.28964
 0.0550  0.0450  0.850  0.120  0.030  0.92081  4.6549   34.3850 1.00000   1.28914
 0.0550  0.0750  0.750  0.050  0.200  0.92572  4.7545   31.6682 1.00000   1.28975
 0.0550  0.0750  0.750  0.100  0.150  0.92635  4.8165   30.3142 1.00000   1.28985
 0.0550  0.0750  0.750  0.120  0.130  0.92660  4.8430   29.8465 1.00000   1.28971
 0.0550  0.0750  0.800  0.050  0.150  0.92256  4.6280   35.0327 1.00000   1.28929
 0.0550  0.0750  0.800  0.100  0.100  0.92319  4.6881   33.3285 1.00000   1.28954
 0.0550  0.0750  0.800  0.120  0.080  0.92344  4.7138   32.7495 1.00000   1.28944
 0.0550  0.0750  0.850  0.050  0.100  0.91940  4.5103   39.5449 1.00000   1.28795
 0.0550  0.0750  0.850  0.100  0.050  0.92003  4.5687   37.3011 1.00000   1.28839
 0.0550  0.0750  0.850  0.120  0.030  0.92028  4.5938   36.5560 1.00000   1.28834
 0.0550  0.1000  0.750  0.050  0.200  0.92153  4.5263   38.4681 1.00000   1.28873
 0.0550  0.1000  0.750  0.100  0.150  0.92321  4.6359   34.0285 1.00000   1.29079
 0.0550  0.1000  0.750  0.120  0.130  0.92388  4.6836   32.7124 1.00000   1.29104
 0.0550  0.1000  0.800  0.050  0.150  0.91941  4.4650   41.1773 1.00000   1.28803
 0.0550  0.1000  0.800  0.100  0.100  0.92109  4.5734   36.1962 1.00000   1.29001
 0.0550  0.1000  0.800  0.120  0.080  0.92176  4.6202   34.7524 1.00000   1.29021
 0.0550  0.1000  0.850  0.050  0.100  0.91730  4.4072   44.6076 1.00000   1.28682
 0.0550  0.1000  0.850  0.100  0.050  0.91898  4.5141   38.9709 1.00000   1.28860
 0.0550  0.1000  0.850  0.120  0.030  0.91965  4.5603   37.4002 1.00000   1.28866
 0.0750  0.0150  0.750  0.050  0.200  0.93036  6.7067   18.8243 1.00000   1.25694
 0.0750  0.0150  0.750  0.100  0.150  0.92904  6.0379   20.4328 1.00000   1.27169
 0.0750  0.0150  0.750  0.120  0.130  0.92852  5.8015   21.2308 1.00000   1.27695
 0.0750  0.0150  0.800  0.050  0.150  0.92588  5.8848   21.5431 1.00000   1.27237
 0.0750  0.0150  0.800  0.100  0.100  0.92456  5.3366   24.1101 1.00000   1.28436
 0.0750  0.0150  0.800  0.120  0.080  0.92404  5.1485   25.4909 1.00000   1.28790
 0.0750  0.0150  0.850  0.050  0.100  0.92140  5.2020   25.8507 1.00000   1.28431
 0.0750  0.0150  0.850  0.100  0.050  0.92008  4.7744   30.7996 1.00000   1.29076
 0.0750  0.0150  0.850  0.120  0.030  0.91956  4.6345   33.9939 1.00000   1.29093
 0.0750  0.0250  0.750  0.050  0.200  0.92997  5.8429   20.8832 1.00000   1.27693
 0.0750  0.0250  0.750  0.100  0.150  0.92875  5.4845   22.4861 1.00000   1.28436
 0.0750  0.0250  0.750  0.120  0.130  0.92826  5.3547   23.2658 1.00000   1.28677
 0.0750  0.0250  0.800  0.050  0.150  0.92559  5.3406   23.8843 1.00000   1.28502
 0.0750  0.0250  0.800  0.100  0.100  0.92437  5.0368   26.3975 1.00000   1.29011
 0.0750  0.0250  0.800  0.120  0.080  0.92388  4.9289   27.7028 1.00000   1.29130
 0.0750  0.0250  0.850  0.050  0.100  0.92120  4.9083   28.5560 1.00000   1.28990
 0.0750  0.0250  0.850  0.100  0.050  0.91998  4.6591   33.2204 1.00000   1.29123
 0.0750  0.0250  0.850  0.120  0.030  0.91950  4.5729   36.0165 1.00000   1.29035
 0.0750  0.0350  0.750  0.050  0.200  0.92938  5.4158   23.1433 1.00000   1.28462
 0.0750  0.0350  0.750  0.100  0.150  0.92831  5.2002   24.6075 1.00000   1.28860
 0.0750  0.0350  0.750  0.120  0.130  0.92788  5.1207   25.3089 1.00000   1.28978
 0.0750  0.0350  0.800  0.050  0.150  0.92514  5.0623   26.3861 1.00000   1.28896
 0.0750  0.0350  0.800  0.100  0.100  0.92407  4.8752   28.6538 1.00000   1.29124
 0.0750  0.0350  0.800  0.120  0.080  0.92364  4.8072   29.8010 1.00000   1.29157
 0.0750  0.0350  0.850  0.050  0.100  0.92091  4.7507   31.3428 1.00000   1.29068
 0.0750  0.0350  0.850  0.100  0.050  0.91984  4.5923   35.4329 1.00000   1.29039
 0.0750  0.0350  0.850  0.120  0.030  0.91941  4.5357   37.7363 1.00000   1.28940
 0.0750  0.0450  0.750  0.050  0.200  0.92859  5.1480   25.2870 1.00000   1.28860
 0.0750  0.0450  0.750  0.100  0.150  0.92772  5.0169   26.6315 1.00000   1.29032
 0.0750  0.0450  0.750  0.120  0.130  0.92737  4.9680   27.2567 1.00000   1.29074
 0.0750  0.0450  0.800  0.050  0.150  0.92455  4.8833   28.7648 1.00000   1.29055
 0.0750  0.0450  0.800  0.100  0.100  0.92368  4.7676   30.8078 1.00000   1.29108
 0.0750  0.0450  0.800  0.120  0.080  0.92333  4.7249   31.7902 1.00000   1.29096
 0.0750  0.0450  0.850  0.050  0.100  0.92052  4.6460   34.0043 1.00000   1.29033
 0.0750  0.0450  0.850  0.100  0.050  0.91964  4.5457   37.4866 1.00000   1.28928
 0.0750  0.0450  0.850  0.120  0.030  0.91929  4.5092   39.2643 1.00000   1.28843
 0.0750  0.0550  0.750  0.050  0.200  0.92761  4.9585   28.2949 1.00000   1.28823
 0.0750  0.0550  0.750  0.100  0.150  0.92698  4.8844   29.2100 1.00000   1.28932
 0.0750  0.0550  0.750  0.120  0.130  0.92673  4.8565   29.6261 1.00000   1.28960
 0.0750  0.0550  0.800  0.050  0.150  0.92382  4.7543   31.9699 1.00000   1.28910
 0.0750  0.0550  0.800  0.100  0.100  0.92319  4.6881   33.3285 1.00000   1.28954
 0.0750  0.0550  0.800  0.120  0.080  0.92294  4.6633   33.9622 1.00000   1.28953
 0.0750  0.0550  0.850  0.050  0.100  0.92003  4.5687   37.3011 1.00000   1.28839
 0.0750  0.0550  0.850  0.100  0.050  0.91940  4.5103   39.5449 1.00000   1.28795
 0.0750  0.0550  0.850  0.120  0.030  0.91914  4.4887   40.6358 1.00000   1.28753
 0.0750  0.1000  0.750  0.050  0.200  0.92090  4.4744   41.9282 1.00000   1.28655
 0.0750  0.1000  0.750  0.100  0.150  0.92194  4.5243   38.8693 1.00000   1.28822
 0.0750  0.1000  0.750  0.120  0.130  0.92236  4.5453   37.8702 1.00000   1.28868
 0.0750  0.1000  0.800  0.050  0.150  0.91878  4.4138   45.1821 1.00000   1.28582
 0.0750  0.1000  0.800  0.100  0.100  0.91983  4.4631   41.7196 1.00000   1.28741
 0.0750  0.1000  0.800  0.120  0.080  0.92025  4.4840   40.6045 1.00000   1.28782
 0.0750  0.1000  0.850  0.050  0.100  0.91667  4.3568   49.3453 1.00000   1.28459
 0.0750  0.1000  0.850  0.100  0.050  0.91772  4.4054   45.3802 1.00000   1.28604
 0.0750  0.1000  0.850  0.120  0.030  0.91814  4.4260   44.1337 1.00000   1.28637
 0.1000  0.0150  0.750  0.050  0.200  0.92931  6.6240   19.2247 1.00000   1.25750
 0.1000  0.0150  0.750  0.100  0.150  0.92695  5.8868   21.4657 1.00000   1.27263
 0.1000  0.0150  0.750  0.120  0.130  0.92600  5.6271   22.6278 1.00000   1.27790
 0.1000  0.0150  0.800  0.050  0.150  0.92483  5.8120   22.1277 1.00000   1.27267
 0.1000  0.0150  0.800  0.100  0.100  0.92247  5.2054   25.7555 1.00000   1.28447
 0.1000  0.0150  0.800  0.120  0.080  0.92152  4.9978   27.8302 1.00000   1.28767
 0.1000  0.0150  0.850  0.050  0.100  0.92035  5.1390   26.8135 1.00000   1.28414
 0.1000  0.0150  0.850  0.100  0.050  0.91799  4.6629   34.0241 1.00000   1.28943
 0.1000  0.0150  0.850  0.120  0.030  0.91704  4.5077   39.1686 1.00000   1.28864
 0.1000  0.0250  0.750  0.050  0.200  0.92892  5.7670   21.3961 1.00000   1.27756
 0.1000  0.0250  0.750  0.100  0.150  0.92665  5.3435   23.7704 1.00000   1.28532
 0.1000  0.0250  0.750  0.120  0.130  0.92574  5.1907   24.9828 1.00000   1.28771
 0.1000  0.0250  0.800  0.050  0.150  0.92454  5.2729   24.6179 1.00000   1.28532
 0.1000  0.0250  0.800  0.100  0.100  0.92227  4.9123   28.3988 1.00000   1.29014
 0.1000  0.0250  0.800  0.120  0.080  0.92136  4.7847   30.5049 1.00000   1.29096
 0.1000  0.0250  0.850  0.050  0.100  0.92015  4.8489   29.7401 1.00000   1.28969
 0.1000  0.0250  0.850  0.100  0.050  0.91789  4.5510   36.9946 1.00000   1.28981
 0.1000  0.0250  0.850  0.120  0.030  0.91698  4.4485   41.8533 1.00000   1.28801
 0.1000  0.0350  0.750  0.050  0.200  0.92833  5.3442   23.7752 1.00000   1.28527
 0.1000  0.0350  0.750  0.100  0.150  0.92621  5.0656   26.1689 1.00000   1.28949
 0.1000  0.0350  0.750  0.120  0.130  0.92536  4.9635   27.3756 1.00000   1.29060
 0.1000  0.0350  0.800  0.050  0.150  0.92409  4.9978   27.2851 1.00000   1.28925
 0.1000  0.0350  0.800  0.100  0.100  0.92197  4.7550   31.0340 1.00000   1.29118
 0.1000  0.0350  0.800  0.120  0.080  0.92113  4.6672   33.0732 1.00000   1.29112
 0.1000  0.0350  0.850  0.050  0.100  0.91986  4.6934   32.7671 1.00000   1.29043
 0.1000  0.0350  0.850  0.100  0.050  0.91774  4.4863   39.7136 1.00000   1.28896
 0.1000  0.0350  0.850  0.120  0.030  0.91689  4.4128   44.1221 1.00000   1.28708
 0.1000  0.0450  0.750  0.050  0.200  0.92754  5.0794   26.0261 1.00000   1.28931
 0.1000  0.0450  0.750  0.100  0.150  0.92562  4.8871   28.4081 1.00000   1.29133
 0.1000  0.0450  0.750  0.120  0.130  0.92485  4.8156   29.5840 1.00000   1.29171
 0.1000  0.0450  0.800  0.050  0.150  0.92351  4.8212   29.7869 1.00000   1.29092
 0.1000  0.0450  0.800  0.100  0.100  0.92158  4.6505   33.4468 1.00000   1.29120
 0.1000  0.0450  0.800  0.120  0.080  0.92081  4.5876   35.3800 1.00000   1.29072
 0.1000  0.0450  0.850  0.050  0.100  0.91947  4.5902   35.5813 1.00000   1.29023
 0.1000  0.0450  0.850  0.100  0.050  0.91754  4.4414   42.1052 1.00000   1.28805
 0.1000  0.0450  0.850  0.120  0.030  0.91677  4.3874   46.0331 1.00000   1.28628
 0.1000  0.0550  0.750  0.050  0.200  0.92657  4.8924   28.9745 1.00000   1.28955
 0.1000  0.0550  0.750  0.100  0.150  0.92489  4.7583   31.0656 1.00000   1.29094
 0.1000  0.0550  0.750  0.120  0.130  0.92421  4.7080   32.1242 1.00000   1.29107
 0.1000  0.0550  0.800  0.050  0.150  0.92277  4.6940   32.9833 1.00000   1.28995
 0.1000  0.0550  0.800  0.100  0.100  0.92109  4.5734   36.1962 1.00000   1.29001
 0.1000  0.0550  0.800  0.120  0.080  0.92042  4.5286   37.9107 1.00000   1.28949
 0.1000  0.0550  0.850  0.050  0.100  0.91898  4.5141   38.9709 1.00000   1.28860
 0.1000  0.0550  0.850  0.100  0.050  0.91730  4.4072   44.6076 1.00000   1.28682
 0.1000  0.0550  0.850  0.120  0.030  0.91663  4.3678   47.9241 1.00000   1.28538
 0.1000  0.0750  0.750  0.050  0.200  0.92404  4.6365   34.7609 1.00000   1.28936
 0.1000  0.0750  0.750  0.100  0.150  0.92299  4.5782   36.5555 1.00000   1.28914
 0.1000  0.0750  0.750  0.120  0.130  0.92257  4.5561   37.4092 1.00000   1.28886
 0.1000  0.0750  0.800  0.050  0.150  0.92088  4.5165   39.1550 1.00000   1.28820
 0.1000  0.0750  0.800  0.100  0.100  0.91983  4.4631   41.7196 1.00000   1.28741
 0.1000  0.0750  0.800  0.120  0.080  0.91941  4.4429   42.9756 1.00000   1.28688
 0.1000  0.0750  0.850  0.050  0.100  0.91772  4.4054   45.3802 1.00000   1.28604
 0.1000  0.0750  0.850  0.100  0.050  0.91667  4.3568   49.3453 1.00000   1.28459
 0.1000  0.0750  0.850  0.120  0.030  0.91625  4.3385   51.3737 1.00000   1.28375

Phase 1: 378 valid / 378 evaluated in 849.2s
BEST: M_cert=1.29191 at d2=0.025, d3=0.075, l1=0.8, l2=0.05, l3=0.1500
  vs 2-comp 1.29005: +0.00186

Phase 2: differential evolution
  bounds: [(0.010000000000000002, 0.04), (0.06, 0.09), (0.75, 0.8500000000000001), (0.02, 0.1)]
  DE finished in 589.3s, nit=13, nfev=560
  best: d2=0.02396, d3=0.07327, l1=0.78688, l2=0.04880, l3=0.16432 -> M_cert=1.291990

==========================================================================================
SUMMARY
  overall best M_cert = 1.291990
  vs 2-comp 1.29005:  +0.001940
  vs MV  1.27481:    +0.017180
  S_1: 2-comp=31.442 -> 3-comp=29.120  (drop +2.322)
  K_hat min at QP freqs: MV=0.0000  2-comp=0.0000  3-comp=0.0013
Wrote _M1_3component_result.json
