(CVXPY) May 11 09:43:29 PM: Encountered unexpected exception importing solver GLOP:
RuntimeError('Unrecognized new version of ortools (9.15.6755). Expected < 9.15.0. Please open a feature request on cvxpy to enable support for this version.')
(CVXPY) May 11 09:43:29 PM: Encountered unexpected exception importing solver PDLP:
RuntimeError('Unrecognized new version of ortools (9.15.6755). Expected < 9.15.0. Please open a feature request on cvxpy to enable support for this version.')
======================================================================
Coord-descent v4plus: 3-scale arcsine, (d2,d3,l1,l2,l3) optimization
======================================================================
init  d2=0.0550 d3=0.0250 l=(0.8500,0.1000,0.0500) M_proxy=1.286073
iter  1  d2=0.0725 d3=0.0295 l=(0.8356,0.1174,0.0470) M_proxy=1.286836  d=+7.633003e-04
iter  2  d2=0.0714 d3=0.0295 l=(0.8325,0.1196,0.0479) M_proxy=1.286851  d=+1.492344e-05
iter  3  d2=0.0735 d3=0.0305 l=(0.8241,0.1283,0.0476) M_proxy=1.286879  d=+2.814574e-05
iter  4  d2=0.0744 d3=0.0315 l=(0.8175,0.1331,0.0494) M_proxy=1.286916  d=+3.685576e-05
iter  5  d2=0.0744 d3=0.0315 l=(0.8175,0.1331,0.0494) M_proxy=1.286916  d=+0.000000e+00
  converged: |dM|=0.00e+00 < 1e-06

Proxy converged at M=1.286916
  d2 = 0.074362
  d3 = 0.031477
  l1 = 0.817498
  l2 = 0.133130
  l3 = 0.049372

Rigorous bisection at: deltas=[0.138, 0.0740, 0.0310]  lambdas=[0.8170, 0.1330, 0.0500]

RIGOROUS M_cert = 1.28693359375  (= 65891/51200)
  k1 = 0.922084  K2 = 4.746212
  S1 = 32.074387  min_G = 0.999964
  gain_a = 0.195456
  bisect wall time = 25.6s

Wrote _coord_descent_v4plus_results.json  (sha256 cf70fd231353c915...)
Total wall: 693.4s
