(CVXPY) May 11 07:27:11 PM: Encountered unexpected exception importing solver GLOP:
RuntimeError('Unrecognized new version of ortools (9.15.6755). Expected < 9.15.0. Please open a feature request on cvxpy to enable support for this version.')
(CVXPY) May 11 07:27:11 PM: Encountered unexpected exception importing solver PDLP:
RuntimeError('Unrecognized new version of ortools (9.15.6755). Expected < 9.15.0. Please open a feature request on cvxpy to enable support for this version.')
============================================================================
v5 local refinement around 4-scale best
  base: (0.138, 0.046, 0.025, 0.080)  lambdas (0.82, 0.10, 0.04, 0.04)
============================================================================
  135 4-scale configurations at XI_MAX=1e4
  4sc d=(0.044,0.022,0.070) l=(0.82, 0.1, 0.04, 0.04)         M=1.290718  S1=27.334  K2=4.9606  (5.5s)
    NEW BEST: 1.290718
  4sc d=(0.044,0.022,0.070) l=(0.83, 0.09, 0.04, 0.04)        M=1.290944  S1=28.114  K2=4.9091  (3.7s)
    NEW BEST: 1.290944
  4sc d=(0.044,0.022,0.070) l=(0.81, 0.11, 0.04, 0.04)        M=1.290408  S1=26.611  K2=5.0133  (4.0s)
  4sc d=(0.044,0.022,0.070) l=(0.82, 0.09, 0.05, 0.04)        M=1.290464  S1=26.892  K2=4.9938  (4.0s)
  4sc d=(0.044,0.022,0.070) l=(0.8, 0.12, 0.04, 0.04)         M=1.290020  S1=25.939  K2=5.0671  (3.5s)
  4sc d=(0.044,0.022,0.080) l=(0.82, 0.1, 0.04, 0.04)         M=1.290814  S1=27.703  K2=4.9361  (3.7s)
  4sc d=(0.044,0.022,0.080) l=(0.83, 0.09, 0.04, 0.04)        M=1.290996  S1=28.515  K2=4.8852  (4.9s)
    NEW BEST: 1.290996
  4sc d=(0.044,0.022,0.080) l=(0.81, 0.11, 0.04, 0.04)        M=1.290546  S1=26.952  K2=4.9883  (3.7s)
  4sc d=(0.044,0.022,0.080) l=(0.82, 0.09, 0.05, 0.04)        M=1.290563  S1=27.249  K2=4.9692  (3.8s)
  4sc d=(0.044,0.022,0.080) l=(0.8, 0.12, 0.04, 0.04)         M=1.290196  S1=26.256  K2=5.0415  (4.3s)
  4sc d=(0.044,0.022,0.090) l=(0.82, 0.1, 0.04, 0.04)         M=1.290901  S1=28.020  K2=4.9155  (3.7s)
  4sc d=(0.044,0.022,0.090) l=(0.83, 0.09, 0.04, 0.04)        M=1.291055  S1=28.856  K2=4.8650  (3.7s)
    NEW BEST: 1.291055
  4sc d=(0.044,0.022,0.090) l=(0.81, 0.11, 0.04, 0.04)        M=1.290659  S1=27.248  K2=4.9672  (3.7s)
  4sc d=(0.044,0.022,0.090) l=(0.82, 0.09, 0.05, 0.04)        M=1.290660  S1=27.553  K2=4.9484  (4.4s)
  4sc d=(0.044,0.022,0.090) l=(0.8, 0.12, 0.04, 0.04)         M=1.290333  S1=26.533  K2=5.0200  (3.5s)
  4sc d=(0.044,0.025,0.070) l=(0.82, 0.1, 0.04, 0.04)         M=1.290799  S1=27.688  K2=4.9374  (3.5s)
  4sc d=(0.044,0.025,0.070) l=(0.83, 0.09, 0.04, 0.04)        M=1.291003  S1=28.495  K2=4.8862  (3.7s)
  4sc d=(0.044,0.025,0.070) l=(0.81, 0.11, 0.04, 0.04)        M=1.290510  S1=26.942  K2=4.9897  (4.0s)
  4sc d=(0.044,0.025,0.070) l=(0.82, 0.09, 0.05, 0.04)        M=1.290668  S1=27.301  K2=4.9637  (3.8s)
  4sc d=(0.044,0.025,0.070) l=(0.8, 0.12, 0.04, 0.04)         M=1.290141  S1=26.249  K2=5.0432  (3.8s)
  4sc d=(0.044,0.025,0.080) l=(0.82, 0.1, 0.04, 0.04)         M=1.290864  S1=28.077  K2=4.9130  (3.7s)
  4sc d=(0.044,0.025,0.080) l=(0.83, 0.09, 0.04, 0.04)        M=1.291025  S1=28.916  K2=4.8623  (3.7s)
  4sc d=(0.044,0.025,0.080) l=(0.81, 0.11, 0.04, 0.04)        M=1.290616  S1=27.302  K2=4.9648  (3.6s)
  4sc d=(0.044,0.025,0.080) l=(0.82, 0.09, 0.05, 0.04)        M=1.290739  S1=27.678  K2=4.9392  (3.8s)
  4sc d=(0.044,0.025,0.080) l=(0.8, 0.12, 0.04, 0.04)         M=1.290285  S1=26.584  K2=5.0177  (3.8s)
  4sc d=(0.044,0.025,0.090) l=(0.82, 0.1, 0.04, 0.04)         M=1.290946  S1=28.404  K2=4.8925  (3.8s)
  4sc d=(0.044,0.025,0.090) l=(0.83, 0.09, 0.04, 0.04)        M=1.291078  S1=29.269  K2=4.8423  (3.8s)
    NEW BEST: 1.291078
  4sc d=(0.044,0.025,0.090) l=(0.81, 0.11, 0.04, 0.04)        M=1.290724  S1=27.606  K2=4.9439  (3.7s)
  4sc d=(0.044,0.025,0.090) l=(0.82, 0.09, 0.05, 0.04)        M=1.290829  S1=27.994  K2=4.9186  (3.8s)
  4sc d=(0.044,0.025,0.090) l=(0.8, 0.12, 0.04, 0.04)         M=1.290417  S1=26.868  K2=4.9964  (3.8s)
  4sc d=(0.044,0.028,0.070) l=(0.82, 0.1, 0.04, 0.04)         M=1.290764  S1=28.039  K2=4.9173  (3.8s)
  4sc d=(0.044,0.028,0.070) l=(0.83, 0.09, 0.04, 0.04)        M=1.290947  S1=28.873  K2=4.8664  (3.8s)
  4sc d=(0.044,0.028,0.070) l=(0.81, 0.11, 0.04, 0.04)        M=1.290494  S1=27.270  K2=4.9694  (3.8s)
  4sc d=(0.044,0.028,0.070) l=(0.82, 0.09, 0.05, 0.04)        M=1.290706  S1=27.712  K2=4.9379  (3.7s)
  4sc d=(0.044,0.028,0.070) l=(0.8, 0.12, 0.04, 0.04)         M=1.290143  S1=26.556  K2=5.0226  (3.7s)
  4sc d=(0.044,0.028,0.080) l=(0.82, 0.1, 0.04, 0.04)         M=1.290797  S1=28.448  K2=4.8931  (3.8s)
  4sc d=(0.044,0.028,0.080) l=(0.83, 0.09, 0.04, 0.04)        M=1.290939  S1=29.316  K2=4.8427  (3.8s)
  4sc d=(0.044,0.028,0.080) l=(0.81, 0.11, 0.04, 0.04)        M=1.290567  S1=27.649  K2=4.9446  (3.7s)
  4sc d=(0.044,0.028,0.080) l=(0.82, 0.09, 0.05, 0.04)        M=1.290746  S1=28.110  K2=4.9136  (3.7s)
  4sc d=(0.044,0.028,0.080) l=(0.8, 0.12, 0.04, 0.04)         M=1.290254  S1=26.909  K2=4.9973  (3.7s)
  4sc d=(0.044,0.028,0.090) l=(0.82, 0.1, 0.04, 0.04)         M=1.290866  S1=28.788  K2=4.8727  (3.8s)
  4sc d=(0.044,0.028,0.090) l=(0.83, 0.09, 0.04, 0.04)        M=1.290976  S1=29.683  K2=4.8227  (3.7s)
  4sc d=(0.044,0.028,0.090) l=(0.81, 0.11, 0.04, 0.04)        M=1.290664  S1=27.965  K2=4.9238  (3.8s)
  4sc d=(0.044,0.028,0.090) l=(0.82, 0.09, 0.05, 0.04)        M=1.290815  S1=28.442  K2=4.8931  (3.7s)
  4sc d=(0.044,0.028,0.090) l=(0.8, 0.12, 0.04, 0.04)         M=1.290375  S1=27.204  K2=4.9760  (3.8s)
  4sc d=(0.046,0.022,0.070) l=(0.82, 0.1, 0.04, 0.04)         M=1.290863  S1=27.634  K2=4.9392  (3.7s)
  4sc d=(0.046,0.022,0.070) l=(0.83, 0.09, 0.04, 0.04)        M=1.291043  S1=28.407  K2=4.8903  (3.6s)
  4sc d=(0.046,0.022,0.070) l=(0.81, 0.11, 0.04, 0.04)        M=1.290605  S1=26.916  K2=4.9893  (3.9s)
  4sc d=(0.046,0.022,0.070) l=(0.82, 0.09, 0.05, 0.04)        M=1.290617  S1=27.150  K2=4.9742  (3.8s)
  4sc d=(0.046,0.022,0.070) l=(0.8, 0.12, 0.04, 0.04)         M=1.290273  S1=26.249  K2=5.0403  (3.9s)
  4sc d=(0.046,0.022,0.080) l=(0.82, 0.1, 0.04, 0.04)         M=1.290926  S1=28.022  K2=4.9149  (3.7s)
  4sc d=(0.046,0.022,0.080) l=(0.83, 0.09, 0.04, 0.04)        M=1.291060  S1=28.827  K2=4.8664  (3.7s)
  4sc d=(0.046,0.022,0.080) l=(0.81, 0.11, 0.04, 0.04)        M=1.290711  S1=27.276  K2=4.9644  (3.7s)
  4sc d=(0.046,0.022,0.080) l=(0.82, 0.09, 0.05, 0.04)        M=1.290676  S1=27.527  K2=4.9496  (3.8s)
  4sc d=(0.046,0.022,0.080) l=(0.8, 0.12, 0.04, 0.04)         M=1.290419  S1=26.582  K2=5.0149  (3.7s)
  4sc d=(0.046,0.022,0.090) l=(0.82, 0.1, 0.04, 0.04)         M=1.291063  S1=28.328  K2=4.8943  (3.8s)
  4sc d=(0.046,0.022,0.090) l=(0.83, 0.09, 0.04, 0.04)        M=1.291168  S1=29.158  K2=4.8463  (3.8s)
    NEW BEST: 1.291168
  4sc d=(0.046,0.022,0.090) l=(0.81, 0.11, 0.04, 0.04)        M=1.290875  S1=27.561  K2=4.9434  (3.7s)
  4sc d=(0.046,0.022,0.090) l=(0.82, 0.09, 0.05, 0.04)        M=1.290820  S1=27.821  K2=4.9289  (3.7s)
  4sc d=(0.046,0.022,0.090) l=(0.8, 0.12, 0.04, 0.04)         M=1.290608  S1=26.849  K2=4.9935  (4.1s)
  4sc d=(0.046,0.025,0.070) l=(0.82, 0.1, 0.04, 0.04)         M=1.290955  S1=27.990  K2=4.9162  (3.9s)
  4sc d=(0.046,0.025,0.070) l=(0.83, 0.09, 0.04, 0.04)        M=1.291111  S1=28.790  K2=4.8675  (3.9s)
  4sc d=(0.046,0.025,0.070) l=(0.81, 0.11, 0.04, 0.04)        M=1.290717  S1=27.250  K2=4.9659  (3.8s)
  4sc d=(0.046,0.025,0.070) l=(0.82, 0.09, 0.05, 0.04)        M=1.290840  S1=27.559  K2=4.9443  (3.5s)
  4sc d=(0.046,0.025,0.070) l=(0.8, 0.12, 0.04, 0.04)         M=1.290405  S1=26.561  K2=5.0167  (3.6s)
  4sc d=(0.046,0.025,0.080) l=(0.82, 0.1, 0.04, 0.04)         M=1.291003  S1=28.393  K2=4.8919  (3.6s)
  4sc d=(0.046,0.025,0.080) l=(0.83, 0.09, 0.04, 0.04)        M=1.291116  S1=29.226  K2=4.8438  (3.8s)
  4sc d=(0.046,0.025,0.080) l=(0.81, 0.11, 0.04, 0.04)        M=1.290807  S1=27.622  K2=4.9411  (3.8s)
  4sc d=(0.046,0.025,0.080) l=(0.82, 0.09, 0.05, 0.04)        M=1.290887  S1=27.951  K2=4.9199  (3.8s)
  4sc d=(0.046,0.025,0.080) l=(0.8, 0.12, 0.04, 0.04)         M=1.290534  S1=26.907  K2=4.9914  (3.8s)
  4sc d=(0.046,0.025,0.090) l=(0.82, 0.1, 0.04, 0.04)         M=1.291130  S1=28.710  K2=4.8715  (3.8s)
  4sc d=(0.046,0.025,0.090) l=(0.83, 0.09, 0.04, 0.04)        M=1.291211  S1=29.569  K2=4.8238  (3.9s)
    NEW BEST: 1.291211
  4sc d=(0.046,0.025,0.090) l=(0.81, 0.11, 0.04, 0.04)        M=1.290962  S1=27.917  K2=4.9203  (4.0s)
  4sc d=(0.046,0.025,0.090) l=(0.82, 0.09, 0.05, 0.04)        M=1.291016  S1=28.258  K2=4.8993  (3.6s)
  4sc d=(0.046,0.025,0.090) l=(0.8, 0.12, 0.04, 0.04)         M=1.290715  S1=27.183  K2=4.9701  (3.9s)
  4sc d=(0.046,0.028,0.070) l=(0.82, 0.1, 0.04, 0.04)         M=1.290921  S1=28.347  K2=4.8963  (4.1s)
  4sc d=(0.046,0.028,0.070) l=(0.83, 0.09, 0.04, 0.04)        M=1.291057  S1=29.173  K2=4.8478  (3.7s)
  4sc d=(0.046,0.028,0.070) l=(0.81, 0.11, 0.04, 0.04)        M=1.290703  S1=27.583  K2=4.9457  (3.7s)
  4sc d=(0.046,0.028,0.070) l=(0.82, 0.09, 0.05, 0.04)        M=1.290883  S1=27.974  K2=4.9187  (3.5s)
  4sc d=(0.046,0.028,0.070) l=(0.8, 0.12, 0.04, 0.04)         M=1.290408  S1=26.873  K2=4.9963  (3.6s)
  4sc d=(0.046,0.028,0.080) l=(0.82, 0.1, 0.04, 0.04)         M=1.290968  S1=28.759  K2=4.8722  (3.9s)
  4sc d=(0.046,0.028,0.080) l=(0.83, 0.09, 0.04, 0.04)        M=1.291061  S1=29.619  K2=4.8243  (3.9s)
  4sc d=(0.046,0.028,0.080) l=(0.81, 0.11, 0.04, 0.04)        M=1.290791  S1=27.964  K2=4.9211  (3.9s)
  4sc d=(0.046,0.028,0.080) l=(0.82, 0.09, 0.05, 0.04)        M=1.290931  S1=28.375  K2=4.8944  (3.9s)
  4sc d=(0.046,0.028,0.080) l=(0.8, 0.12, 0.04, 0.04)         M=1.290535  S1=27.228  K2=4.9711  (3.9s)
  4sc d=(0.046,0.028,0.090) l=(0.82, 0.1, 0.04, 0.04)         M=1.291073  S1=29.092  K2=4.8518  (3.8s)
  4sc d=(0.046,0.028,0.090) l=(0.83, 0.09, 0.04, 0.04)        M=1.291133  S1=29.980  K2=4.8044  (3.9s)
  4sc d=(0.046,0.028,0.090) l=(0.81, 0.11, 0.04, 0.04)        M=1.290926  S1=28.273  K2=4.9004  (3.9s)
  4sc d=(0.046,0.028,0.090) l=(0.82, 0.09, 0.05, 0.04)        M=1.291030  S1=28.703  K2=4.8740  (3.8s)
  4sc d=(0.046,0.028,0.090) l=(0.8, 0.12, 0.04, 0.04)         M=1.290697  S1=27.516  K2=4.9499  (3.8s)
  4sc d=(0.048,0.022,0.070) l=(0.82, 0.1, 0.04, 0.04)         M=1.290944  S1=27.943  K2=4.9191  (4.0s)
  4sc d=(0.048,0.022,0.070) l=(0.83, 0.09, 0.04, 0.04)        M=1.291088  S1=28.707  K2=4.8725  (4.1s)
  4sc d=(0.048,0.022,0.070) l=(0.81, 0.11, 0.04, 0.04)        M=1.290725  S1=27.234  K2=4.9667  (3.6s)
  4sc d=(0.048,0.022,0.070) l=(0.82, 0.09, 0.05, 0.04)        M=1.290722  S1=27.412  K2=4.9557  (3.7s)
  4sc d=(0.048,0.022,0.070) l=(0.8, 0.12, 0.04, 0.04)         M=1.290435  S1=26.572  K2=5.0152  (3.6s)
  4sc d=(0.048,0.022,0.080) l=(0.82, 0.1, 0.04, 0.04)         M=1.290944  S1=28.361  K2=4.8949  (3.6s)
  4sc d=(0.048,0.022,0.080) l=(0.83, 0.09, 0.04, 0.04)        M=1.291047  S1=29.157  K2=4.8488  (3.5s)
  4sc d=(0.048,0.022,0.080) l=(0.81, 0.11, 0.04, 0.04)        M=1.290765  S1=27.623  K2=4.9419  (3.3s)
  4sc d=(0.048,0.022,0.080) l=(0.82, 0.09, 0.05, 0.04)        M=1.290713  S1=27.819  K2=4.9312  (3.4s)
  4sc d=(0.048,0.022,0.080) l=(0.8, 0.12, 0.04, 0.04)         M=1.290514  S1=26.936  K2=4.9899  (3.4s)
  4sc d=(0.048,0.022,0.090) l=(0.82, 0.1, 0.04, 0.04)         M=1.291148  S1=28.650  K2=4.8744  (3.2s)
  4sc d=(0.048,0.022,0.090) l=(0.83, 0.09, 0.04, 0.04)        M=1.291218  S1=29.471  K2=4.8287  (3.2s)
    NEW BEST: 1.291218
  4sc d=(0.048,0.022,0.090) l=(0.81, 0.11, 0.04, 0.04)        M=1.291001  S1=27.890  K2=4.9210  (3.2s)
  4sc d=(0.048,0.022,0.090) l=(0.82, 0.09, 0.05, 0.04)        M=1.290922  S1=28.096  K2=4.9106  (3.1s)
  4sc d=(0.048,0.022,0.090) l=(0.8, 0.12, 0.04, 0.04)         M=1.290779  S1=27.184  K2=4.9687  (3.6s)
  4sc d=(0.048,0.025,0.070) l=(0.82, 0.1, 0.04, 0.04)         M=1.291028  S1=28.309  K2=4.8962  (3.5s)
  4sc d=(0.048,0.025,0.070) l=(0.83, 0.09, 0.04, 0.04)        M=1.291151  S1=29.099  K2=4.8499  (3.4s)
  4sc d=(0.048,0.025,0.070) l=(0.81, 0.11, 0.04, 0.04)        M=1.290830  S1=27.575  K2=4.9435  (3.6s)
  4sc d=(0.048,0.025,0.070) l=(0.82, 0.09, 0.05, 0.04)        M=1.290941  S1=27.829  K2=4.9260  (3.2s)
  4sc d=(0.048,0.025,0.070) l=(0.8, 0.12, 0.04, 0.04)         M=1.290560  S1=26.893  K2=4.9918  (3.2s)
  4sc d=(0.048,0.025,0.080) l=(0.82, 0.1, 0.04, 0.04)         M=1.291044  S1=28.731  K2=4.8721  (3.2s)
  4sc d=(0.048,0.025,0.080) l=(0.83, 0.09, 0.04, 0.04)        M=1.291124  S1=29.555  K2=4.8263  (3.2s)
  4sc d=(0.048,0.025,0.080) l=(0.81, 0.11, 0.04, 0.04)        M=1.290884  S1=27.969  K2=4.9189  (3.2s)
  4sc d=(0.048,0.025,0.080) l=(0.82, 0.09, 0.05, 0.04)        M=1.290952  S1=28.240  K2=4.9017  (3.1s)
  4sc d=(0.048,0.025,0.080) l=(0.8, 0.12, 0.04, 0.04)         M=1.290652  S1=27.260  K2=4.9666  (3.2s)
  4sc d=(0.048,0.025,0.090) l=(0.82, 0.1, 0.04, 0.04)         M=1.291226  S1=29.035  K2=4.8517  (3.2s)
    NEW BEST: 1.291226
  4sc d=(0.048,0.025,0.090) l=(0.83, 0.09, 0.04, 0.04)        M=1.291270  S1=29.885  K2=4.8063  (3.1s)
    NEW BEST: 1.291270
  4sc d=(0.048,0.025,0.090) l=(0.81, 0.11, 0.04, 0.04)        M=1.291099  S1=28.249  K2=4.8981  (3.2s)
  4sc d=(0.048,0.025,0.090) l=(0.82, 0.09, 0.05, 0.04)        M=1.291132  S1=28.535  K2=4.8812  (3.2s)
  4sc d=(0.048,0.025,0.090) l=(0.8, 0.12, 0.04, 0.04)         M=1.290897  S1=27.520  K2=4.9455  (3.1s)
  4sc d=(0.048,0.028,0.070) l=(0.82, 0.1, 0.04, 0.04)         M=1.290996  S1=28.671  K2=4.8765  (3.2s)
  4sc d=(0.048,0.028,0.070) l=(0.83, 0.09, 0.04, 0.04)        M=1.291099  S1=29.487  K2=4.8304  (3.2s)
  4sc d=(0.048,0.028,0.070) l=(0.81, 0.11, 0.04, 0.04)        M=1.290816  S1=27.914  K2=4.9235  (3.2s)
  4sc d=(0.048,0.028,0.070) l=(0.82, 0.09, 0.05, 0.04)        M=1.290992  S1=28.247  K2=4.9005  (3.2s)
  4sc d=(0.048,0.028,0.070) l=(0.8, 0.12, 0.04, 0.04)         M=1.290563  S1=27.211  K2=4.9716  (3.2s)
  4sc d=(0.048,0.028,0.080) l=(0.82, 0.1, 0.04, 0.04)         M=1.291051  S1=29.089  K2=4.8525  (3.2s)
  4sc d=(0.048,0.028,0.080) l=(0.83, 0.09, 0.04, 0.04)        M=1.291109  S1=29.939  K2=4.8069  (3.3s)
  4sc d=(0.048,0.028,0.080) l=(0.81, 0.11, 0.04, 0.04)        M=1.290911  S1=28.302  K2=4.8990  (3.2s)
  4sc d=(0.048,0.028,0.080) l=(0.82, 0.09, 0.05, 0.04)        M=1.291046  S1=28.653  K2=4.8764  (3.3s)
  4sc d=(0.048,0.028,0.080) l=(0.8, 0.12, 0.04, 0.04)         M=1.290696  S1=27.572  K2=4.9465  (3.3s)
  4sc d=(0.048,0.028,0.090) l=(0.82, 0.1, 0.04, 0.04)         M=1.291194  S1=29.415  K2=4.8322  (3.3s)
  4sc d=(0.048,0.028,0.090) l=(0.83, 0.09, 0.04, 0.04)        M=1.291216  S1=30.294  K2=4.7871  (3.6s)
  4sc d=(0.048,0.028,0.090) l=(0.81, 0.11, 0.04, 0.04)        M=1.291087  S1=28.603  K2=4.8784  (3.3s)
  4sc d=(0.048,0.028,0.090) l=(0.82, 0.09, 0.05, 0.04)        M=1.291176  S1=28.976  K2=4.8560  (3.2s)
  4sc d=(0.048,0.028,0.090) l=(0.8, 0.12, 0.04, 0.04)         M=1.290903  S1=27.851  K2=4.9255  (3.3s)

============================================================================
5-scale exploration
============================================================================
  5sc d=(0.046,0.025,0.08,0.018) l=(0.8, 0.1, 0.04, 0.04, 0.02)  M=1.290030  S1=25.750  K2=5.0801  (4.0s)
  5sc d=(0.046,0.025,0.08,0.015) l=(0.8, 0.1, 0.04, 0.04, 0.02)  M=1.289954  S1=25.526  K2=5.0977  (3.9s)
  5sc d=(0.046,0.025,0.08,0.012) l=(0.81, 0.1, 0.04, 0.04, 0.01)  M=1.290701  S1=26.683  K2=5.0023  (4.0s)
  5sc d=(0.046,0.022,0.075,0.012) l=(0.81, 0.1, 0.04, 0.04, 0.01)  M=1.290374  S1=26.229  K2=5.0394  (4.1s)
  5sc d=(0.05,0.028,0.09,0.018) l=(0.79, 0.1, 0.05, 0.04, 0.02)  M=1.290363  S1=25.798  K2=5.0695  (4.0s)
  5sc d=(0.045,0.025,0.08,0.1) l=(0.8, 0.1, 0.04, 0.03, 0.03)  M=1.291176  S1=27.872  K2=4.9185  (3.8s)
  5sc d=(0.046,0.025,0.08,0.11) l=(0.79, 0.1, 0.04, 0.04, 0.03)  M=1.291216  S1=27.850  K2=4.9190  (3.8s)

============================================================================
Re-certify best at XI_MAX = 1e5: 4sc d=(0.048,0.025,0.090) l=(0.83, 0.09, 0.04, 0.04)
============================================================================
  4sc d=(0.048,0.025,0.090) l=(0.83, 0.09, 0.04, 0.04) @xi=1e5  M=1.291614  S1=29.885  K2=4.7994  (14.0s)

============================================================================
Top 12 from refinement:
============================================================================
  4sc d=(0.048,0.025,0.090) l=(0.83, 0.09, 0.04, 0.04) @xi=1e5  M=1.291614
  4sc d=(0.048,0.025,0.090) l=(0.83, 0.09, 0.04, 0.04)          M=1.291270
  4sc d=(0.048,0.025,0.090) l=(0.82, 0.1, 0.04, 0.04)           M=1.291226
  4sc d=(0.048,0.022,0.090) l=(0.83, 0.09, 0.04, 0.04)          M=1.291218
  5sc d=(0.046,0.025,0.08,0.11) l=(0.79, 0.1, 0.04, 0.04, 0.03  M=1.291216
  4sc d=(0.048,0.028,0.090) l=(0.83, 0.09, 0.04, 0.04)          M=1.291216
  4sc d=(0.046,0.025,0.090) l=(0.83, 0.09, 0.04, 0.04)          M=1.291211
  4sc d=(0.048,0.028,0.090) l=(0.82, 0.1, 0.04, 0.04)           M=1.291194
  5sc d=(0.045,0.025,0.08,0.1) l=(0.8, 0.1, 0.04, 0.03, 0.03)   M=1.291176
  4sc d=(0.048,0.028,0.090) l=(0.82, 0.09, 0.05, 0.04)          M=1.291176
  4sc d=(0.046,0.022,0.090) l=(0.83, 0.09, 0.04, 0.04)          M=1.291168
  4sc d=(0.048,0.025,0.070) l=(0.83, 0.09, 0.04, 0.04)          M=1.291151

FINAL BEST: 1.29161428
  vs v3 (1.28984): +0.001774
